This file contains any messages produced by compilers while
running configure, to aid debugging if configure makes a mistake.

It was created by pidgin configure 2.11.0, which was
generated by GNU Autoconf 2.69.  Invocation command line was

  $ ./configure 

## --------- ##
## Platform. ##
## --------- ##

hostname = ubuntu
uname -m = x86_64
uname -r = 3.13.0-34-generic
uname -s = Linux
uname -v = #60-Ubuntu SMP Wed Aug 13 15:45:27 UTC 2014

/usr/bin/uname -p = unknown
/bin/uname -X     = unknown

/bin/arch              = unknown
/usr/bin/arch -k       = unknown
/usr/convex/getsysinfo = unknown
/usr/bin/hostinfo      = unknown
/bin/machine           = unknown
/usr/bin/oslevel       = unknown
/bin/universe          = unknown

PATH: /usr/local/sbin
PATH: /usr/local/bin
PATH: /usr/sbin
PATH: /usr/bin
PATH: /sbin
PATH: /bin
PATH: /usr/games
PATH: /usr/local/games


## ----------- ##
## Core tests. ##
## ----------- ##

configure:3140: checking build system type
configure:3154: result: x86_64-unknown-linux-gnu
configure:3174: checking host system type
configure:3187: result: x86_64-unknown-linux-gnu
configure:3225: checking for a BSD-compatible install
configure:3293: result: /usr/bin/install -c
configure:3304: checking whether build environment is sane
configure:3359: result: yes
configure:3510: checking for a thread-safe mkdir -p
configure:3549: result: /bin/mkdir -p
configure:3556: checking for gawk
configure:3586: result: no
configure:3556: checking for mawk
configure:3572: found /usr/bin/mawk
configure:3583: result: mawk
configure:3594: checking whether make sets $(MAKE)
configure:3616: result: yes
configure:3645: checking whether make supports nested variables
configure:3662: result: yes
configure:3799: checking whether make supports nested variables
configure:3816: result: yes
configure:3854: checking for sed
configure:3872: found /bin/sed
configure:3884: result: /bin/sed
configure:3947: checking for gcc
configure:3963: found /usr/bin/gcc
configure:3974: result: gcc
configure:4203: checking for C compiler version
configure:4212: gcc --version >&5
gcc (Ubuntu 4.8.4-2ubuntu1~14.04) 4.8.4
Copyright (C) 2013 Free Software Foundation, Inc.
This is free software; see the source for copying conditions.  There is NO
warranty; not even for MERCHANTABILITY or FITNESS FOR A PARTICULAR PURPOSE.

configure:4223: $? = 0
configure:4212: gcc -v >&5
Using built-in specs.
COLLECT_GCC=gcc
COLLECT_LTO_WRAPPER=/usr/lib/gcc/x86_64-linux-gnu/4.8/lto-wrapper
Target: x86_64-linux-gnu
Configured with: ../src/configure -v --with-pkgversion='Ubuntu 4.8.4-2ubuntu1~14.04' --with-bugurl=file:///usr/share/doc/gcc-4.8/README.Bugs --enable-languages=c,c++,java,go,d,fortran,objc,obj-c++ --prefix=/usr --program-suffix=-4.8 --enable-shared --enable-linker-build-id --libexecdir=/usr/lib --without-included-gettext --enable-threads=posix --with-gxx-include-dir=/usr/include/c++/4.8 --libdir=/usr/lib --enable-nls --with-sysroot=/ --enable-clocale=gnu --enable-libstdcxx-debug --enable-libstdcxx-time=yes --enable-gnu-unique-object --disable-libmudflap --enable-plugin --with-system-zlib --disable-browser-plugin --enable-java-awt=gtk --enable-gtk-cairo --with-java-home=/usr/lib/jvm/java-1.5.0-gcj-4.8-amd64/jre --enable-java-home --with-jvm-root-dir=/usr/lib/jvm/java-1.5.0-gcj-4.8-amd64 --with-jvm-jar-dir=/usr/lib/jvm-exports/java-1.5.0-gcj-4.8-amd64 --with-arch-directory=amd64 --with-ecj-jar=/usr/share/java/eclipse-ecj.jar --enable-objc-gc --enable-multiarch --disable-werror --with-arch-32=i686 --with-abi=m64 --with-multilib-list=m32,m64,mx32 --with-tune=generic --enable-checking=release --build=x86_64-linux-gnu --host=x86_64-linux-gnu --target=x86_64-linux-gnu
Thread model: posix
gcc version 4.8.4 (Ubuntu 4.8.4-2ubuntu1~14.04) 
configure:4223: $? = 0
configure:4212: gcc -V >&5
gcc: error: unrecognized command line option '-V'
gcc: fatal error: no input files
compilation terminated.
configure:4223: $? = 4
configure:4212: gcc -qversion >&5
gcc: error: unrecognized command line option '-qversion'
gcc: fatal error: no input files
compilation terminated.
configure:4223: $? = 4
configure:4243: checking whether the C compiler works
configure:4265: gcc    conftest.c  >&5
configure:4269: $? = 0
configure:4317: result: yes
configure:4320: checking for C compiler default output file name
configure:4322: result: a.out
configure:4328: checking for suffix of executables
configure:4335: gcc -o conftest    conftest.c  >&5
configure:4339: $? = 0
configure:4361: result: 
configure:4383: checking whether we are cross compiling
configure:4391: gcc -o conftest    conftest.c  >&5
configure:4395: $? = 0
configure:4402: ./conftest
configure:4406: $? = 0
configure:4421: result: no
configure:4426: checking for suffix of object files
configure:4448: gcc -c   conftest.c >&5
configure:4452: $? = 0
configure:4473: result: o
configure:4477: checking whether we are using the GNU C compiler
configure:4496: gcc -c   conftest.c >&5
configure:4496: $? = 0
configure:4505: result: yes
configure:4514: checking whether gcc accepts -g
configure:4534: gcc -c -g  conftest.c >&5
configure:4534: $? = 0
configure:4575: result: yes
configure:4592: checking for gcc option to accept ISO C89
configure:4655: gcc  -c -g -O2  conftest.c >&5
configure:4655: $? = 0
configure:4668: result: none needed
configure:4693: checking whether gcc understands -c and -o together
configure:4715: gcc -c conftest.c -o conftest2.o
configure:4718: $? = 0
configure:4715: gcc -c conftest.c -o conftest2.o
configure:4718: $? = 0
configure:4730: result: yes
configure:4758: checking for style of include used by make
configure:4786: result: GNU
configure:4812: checking dependency style of gcc
configure:4923: result: gcc3
configure:5016: checking how to print strings
configure:5043: result: printf
configure:5064: checking for a sed that does not truncate output
configure:5128: result: /bin/sed
configure:5146: checking for grep that handles long lines and -e
configure:5204: result: /bin/grep
configure:5209: checking for egrep
configure:5271: result: /bin/grep -E
configure:5276: checking for fgrep
configure:5338: result: /bin/grep -F
configure:5373: checking for ld used by gcc
configure:5440: result: /usr/bin/ld
configure:5447: checking if the linker (/usr/bin/ld) is GNU ld
configure:5462: result: yes
configure:5474: checking for BSD- or MS-compatible name lister (nm)
configure:5523: result: /usr/bin/nm -B
configure:5653: checking the name lister (/usr/bin/nm -B) interface
configure:5660: gcc -c -g -O2  conftest.c >&5
configure:5663: /usr/bin/nm -B "conftest.o"
configure:5666: output
0000000000000000 B some_variable
configure:5673: result: BSD nm
configure:5676: checking whether ln -s works
configure:5680: result: yes
configure:5688: checking the maximum length of command line arguments
configure:5819: result: 1572864
configure:5836: checking whether the shell understands some XSI constructs
configure:5846: result: yes
configure:5850: checking whether the shell understands "+="
configure:5856: result: yes
configure:5891: checking how to convert x86_64-unknown-linux-gnu file names to x86_64-unknown-linux-gnu format
configure:5931: result: func_convert_file_noop
configure:5938: checking how to convert x86_64-unknown-linux-gnu file names to toolchain format
configure:5958: result: func_convert_file_noop
configure:5965: checking for /usr/bin/ld option to reload object files
configure:5972: result: -r
configure:6046: checking for objdump
configure:6062: found /usr/bin/objdump
configure:6073: result: objdump
configure:6105: checking how to recognize dependent libraries
configure:6303: result: pass_all
configure:6388: checking for dlltool
configure:6418: result: no
configure:6448: checking how to associate runtime and link libraries
configure:6475: result: printf %s\n
configure:6536: checking for ar
configure:6552: found /usr/bin/ar
configure:6563: result: ar
configure:6600: checking for archiver @FILE support
configure:6617: gcc -c -g -O2  conftest.c >&5
configure:6617: $? = 0
configure:6620: ar cru libconftest.a @conftest.lst >&5
configure:6623: $? = 0
configure:6628: ar cru libconftest.a @conftest.lst >&5
ar: conftest.o: No such file or directory
configure:6631: $? = 1
configure:6643: result: @
configure:6701: checking for strip
configure:6717: found /usr/bin/strip
configure:6728: result: strip
configure:6800: checking for ranlib
configure:6816: found /usr/bin/ranlib
configure:6827: result: ranlib
configure:6929: checking command to parse /usr/bin/nm -B output from gcc object
configure:7049: gcc -c -g -O2  conftest.c >&5
configure:7052: $? = 0
configure:7056: /usr/bin/nm -B conftest.o \| sed -n -e 's/^.*[ ]\([ABCDGIRSTW][ABCDGIRSTW]*\)[ ][ ]*\([_A-Za-z][_A-Za-z0-9]*\)$/\1 \2 \2/p' | sed '/ __gnu_lto/d' \> conftest.nm
configure:7059: $? = 0
configure:7125: gcc -o conftest -g -O2   conftest.c conftstm.o >&5
configure:7128: $? = 0
configure:7166: result: ok
configure:7203: checking for sysroot
configure:7233: result: no
configure:7310: gcc -c -g -O2  conftest.c >&5
configure:7313: $? = 0
configure:7502: checking for mt
configure:7518: found /bin/mt
configure:7529: result: mt
configure:7552: checking if mt is a manifest tool
configure:7558: mt '-?'
configure:7566: result: no
configure:8208: checking how to run the C preprocessor
configure:8239: gcc -E  conftest.c
configure:8239: $? = 0
configure:8253: gcc -E  conftest.c
conftest.c:12:28: fatal error: ac_nonexistent.h: No such file or directory
 #include <ac_nonexistent.h>
                            ^
compilation terminated.
configure:8253: $? = 1
configure: failed program was:
| /* confdefs.h */
| #define PACKAGE_NAME "pidgin"
| #define PACKAGE_TARNAME "pidgin"
| #define PACKAGE_VERSION "2.11.0"
| #define PACKAGE_STRING "pidgin 2.11.0"
| #define PACKAGE_BUGREPORT "devel@pidgin.im"
| #define PACKAGE_URL ""
| #define PACKAGE "pidgin"
| #define VERSION "2.11.0"
| #define CONFIG_ARGS ""
| /* end confdefs.h.  */
| #include <ac_nonexistent.h>
configure:8278: result: gcc -E
configure:8298: gcc -E  conftest.c
configure:8298: $? = 0
configure:8312: gcc -E  conftest.c
conftest.c:12:28: fatal error: ac_nonexistent.h: No such file or directory
 #include <ac_nonexistent.h>
                            ^
compilation terminated.
configure:8312: $? = 1
configure: failed program was:
| /* confdefs.h */
| #define PACKAGE_NAME "pidgin"
| #define PACKAGE_TARNAME "pidgin"
| #define PACKAGE_VERSION "2.11.0"
| #define PACKAGE_STRING "pidgin 2.11.0"
| #define PACKAGE_BUGREPORT "devel@pidgin.im"
| #define PACKAGE_URL ""
| #define PACKAGE "pidgin"
| #define VERSION "2.11.0"
| #define CONFIG_ARGS ""
| /* end confdefs.h.  */
| #include <ac_nonexistent.h>
configure:8341: checking for ANSI C header files
configure:8361: gcc -c -g -O2  conftest.c >&5
configure:8361: $? = 0
configure:8434: gcc -o conftest -g -O2   conftest.c  >&5
configure:8434: $? = 0
configure:8434: ./conftest
configure:8434: $? = 0
configure:8445: result: yes
configure:8458: checking for sys/types.h
configure:8458: gcc -c -g -O2  conftest.c >&5
configure:8458: $? = 0
configure:8458: result: yes
configure:8458: checking for sys/stat.h
configure:8458: gcc -c -g -O2  conftest.c >&5
configure:8458: $? = 0
configure:8458: result: yes
configure:8458: checking for stdlib.h
configure:8458: gcc -c -g -O2  conftest.c >&5
configure:8458: $? = 0
configure:8458: result: yes
configure:8458: checking for string.h
configure:8458: gcc -c -g -O2  conftest.c >&5
configure:8458: $? = 0
configure:8458: result: yes
configure:8458: checking for memory.h
configure:8458: gcc -c -g -O2  conftest.c >&5
configure:8458: $? = 0
configure:8458: result: yes
configure:8458: checking for strings.h
configure:8458: gcc -c -g -O2  conftest.c >&5
configure:8458: $? = 0
configure:8458: result: yes
configure:8458: checking for inttypes.h
configure:8458: gcc -c -g -O2  conftest.c >&5
configure:8458: $? = 0
configure:8458: result: yes
configure:8458: checking for stdint.h
configure:8458: gcc -c -g -O2  conftest.c >&5
configure:8458: $? = 0
configure:8458: result: yes
configure:8458: checking for unistd.h
configure:8458: gcc -c -g -O2  conftest.c >&5
configure:8458: $? = 0
configure:8458: result: yes
configure:8472: checking for dlfcn.h
configure:8472: gcc -c -g -O2  conftest.c >&5
configure:8472: $? = 0
configure:8472: result: yes
configure:8648: checking for objdir
configure:8663: result: .libs
configure:8930: checking if gcc supports -fno-rtti -fno-exceptions
configure:8948: gcc -c -g -O2  -fno-rtti -fno-exceptions conftest.c >&5
cc1: warning: command line option '-fno-rtti' is valid for C++/ObjC++ but not for C [enabled by default]
configure:8952: $? = 0
configure:8965: result: no
configure:9292: checking for gcc option to produce PIC
configure:9299: result: -fPIC -DPIC
configure:9307: checking if gcc PIC flag -fPIC -DPIC works
configure:9325: gcc -c -g -O2  -fPIC -DPIC -DPIC conftest.c >&5
configure:9329: $? = 0
configure:9342: result: yes
configure:9371: checking if gcc static flag -static works
configure:9399: result: yes
configure:9414: checking if gcc supports -c -o file.o
configure:9435: gcc -c -g -O2  -o out/conftest2.o conftest.c >&5
configure:9439: $? = 0
configure:9461: result: yes
configure:9469: checking if gcc supports -c -o file.o
configure:9516: result: yes
configure:9549: checking whether the gcc linker (/usr/bin/ld -m elf_x86_64) supports shared libraries
configure:10706: result: yes
configure:10743: checking whether -lc should be explicitly linked in
configure:10751: gcc -c -g -O2  conftest.c >&5
configure:10754: $? = 0
configure:10769: gcc -shared  -fPIC -DPIC conftest.o  -v -Wl,-soname -Wl,conftest -o conftest 2\>\&1 \| /bin/grep  -lc  \>/dev/null 2\>\&1
configure:10772: $? = 0
configure:10786: result: no
configure:10946: checking dynamic linker characteristics
configure:11446: gcc -o conftest -g -O2   -Wl,-rpath -Wl,/foo conftest.c  >&5
configure:11446: $? = 0
configure:11680: result: GNU/Linux ld.so
configure:11787: checking how to hardcode library paths into programs
configure:11812: result: immediate
configure:12352: checking whether stripping libraries is possible
configure:12357: result: yes
configure:12392: checking if libtool supports shared libraries
configure:12394: result: yes
configure:12397: checking whether to build shared libraries
configure:12418: result: yes
configure:12421: checking whether to build static libraries
configure:12425: result: no
configure:12518: checking for pkg-config
configure:12536: found /usr/bin/pkg-config
configure:12548: result: /usr/bin/pkg-config
configure:12573: checking pkg-config is at least version 0.9.0
configure:12576: result: yes
configure:12584: checking for size_t
configure:12584: gcc -c -g -O2  conftest.c >&5
configure:12584: $? = 0
configure:12584: gcc -c -g -O2  conftest.c >&5
conftest.c: In function 'main':
conftest.c:60:21: error: expected expression before ')' token
 if (sizeof ((size_t)))
                     ^
configure:12584: $? = 1
configure: failed program was:
| /* confdefs.h */
| #define PACKAGE_NAME "pidgin"
| #define PACKAGE_TARNAME "pidgin"
| #define PACKAGE_VERSION "2.11.0"
| #define PACKAGE_STRING "pidgin 2.11.0"
| #define PACKAGE_BUGREPORT "devel@pidgin.im"
| #define PACKAGE_URL ""
| #define PACKAGE "pidgin"
| #define VERSION "2.11.0"
| #define CONFIG_ARGS ""
| #define STDC_HEADERS 1
| #define HAVE_SYS_TYPES_H 1
| #define HAVE_SYS_STAT_H 1
| #define HAVE_STDLIB_H 1
| #define HAVE_STRING_H 1
| #define HAVE_MEMORY_H 1
| #define HAVE_STRINGS_H 1
| #define HAVE_INTTYPES_H 1
| #define HAVE_STDINT_H 1
| #define HAVE_UNISTD_H 1
| #define HAVE_DLFCN_H 1
| #define LT_OBJDIR ".libs/"
| /* end confdefs.h.  */
| #include <stdio.h>
| #ifdef HAVE_SYS_TYPES_H
| # include <sys/types.h>
| #endif
| #ifdef HAVE_SYS_STAT_H
| # include <sys/stat.h>
| #endif
| #ifdef STDC_HEADERS
| # include <stdlib.h>
| # include <stddef.h>
| #else
| # ifdef HAVE_STDLIB_H
| #  include <stdlib.h>
| # endif
| #endif
| #ifdef HAVE_STRING_H
| # if !defined STDC_HEADERS && defined HAVE_MEMORY_H
| #  include <memory.h>
| # endif
| # include <string.h>
| #endif
| #ifdef HAVE_STRINGS_H
| # include <strings.h>
| #endif
| #ifdef HAVE_INTTYPES_H
| # include <inttypes.h>
| #endif
| #ifdef HAVE_STDINT_H
| # include <stdint.h>
| #endif
| #ifdef HAVE_UNISTD_H
| # include <unistd.h>
| #endif
| int
| main ()
| {
| if (sizeof ((size_t)))
| 	    return 0;
|   ;
|   return 0;
| }
configure:12584: result: yes
configure:12597: checking for working alloca.h
configure:12614: gcc -o conftest -g -O2   conftest.c  >&5
configure:12614: $? = 0
configure:12622: result: yes
configure:12630: checking for alloca
configure:12667: gcc -o conftest -g -O2   conftest.c  >&5
configure:12667: $? = 0
configure:12675: result: yes
configure:12782: checking whether __SUNPRO_C is declared
configure:12782: gcc -c -g -O2  conftest.c >&5
conftest.c: In function 'main':
conftest.c:66:10: error: '__SUNPRO_C' undeclared (first use in this function)
   (void) __SUNPRO_C;
          ^
conftest.c:66:10: note: each undeclared identifier is reported only once for each function it appears in
configure:12782: $? = 1
configure: failed program was:
| /* confdefs.h */
| #define PACKAGE_NAME "pidgin"
| #define PACKAGE_TARNAME "pidgin"
| #define PACKAGE_VERSION "2.11.0"
| #define PACKAGE_STRING "pidgin 2.11.0"
| #define PACKAGE_BUGREPORT "devel@pidgin.im"
| #define PACKAGE_URL ""
| #define PACKAGE "pidgin"
| #define VERSION "2.11.0"
| #define CONFIG_ARGS ""
| #define STDC_HEADERS 1
| #define HAVE_SYS_TYPES_H 1
| #define HAVE_SYS_STAT_H 1
| #define HAVE_STDLIB_H 1
| #define HAVE_STRING_H 1
| #define HAVE_MEMORY_H 1
| #define HAVE_STRINGS_H 1
| #define HAVE_INTTYPES_H 1
| #define HAVE_STDINT_H 1
| #define HAVE_UNISTD_H 1
| #define HAVE_DLFCN_H 1
| #define LT_OBJDIR ".libs/"
| #define HAVE_ALLOCA_H 1
| #define HAVE_ALLOCA 1
| /* end confdefs.h.  */
| #include <stdio.h>
| #ifdef HAVE_SYS_TYPES_H
| # include <sys/types.h>
| #endif
| #ifdef HAVE_SYS_STAT_H
| # include <sys/stat.h>
| #endif
| #ifdef STDC_HEADERS
| # include <stdlib.h>
| # include <stddef.h>
| #else
| # ifdef HAVE_STDLIB_H
| #  include <stdlib.h>
| # endif
| #endif
| #ifdef HAVE_STRING_H
| # if !defined STDC_HEADERS && defined HAVE_MEMORY_H
| #  include <memory.h>
| # endif
| # include <string.h>
| #endif
| #ifdef HAVE_STRINGS_H
| # include <strings.h>
| #endif
| #ifdef HAVE_INTTYPES_H
| # include <inttypes.h>
| #endif
| #ifdef HAVE_STDINT_H
| # include <stdint.h>
| #endif
| #ifdef HAVE_UNISTD_H
| # include <unistd.h>
| #endif
| int
| main ()
| {
| #ifndef __SUNPRO_C
| #ifdef __cplusplus
|   (void) __SUNPRO_C;
| #else
|   (void) __SUNPRO_C;
| #endif
| #endif
| 
|   ;
|   return 0;
| }
configure:12782: result: no
configure:12790: checking for ANSI C header files
configure:12894: result: yes
configure:12902: checking for sys/wait.h that is POSIX.1 compatible
configure:12928: gcc -c -g -O2  conftest.c >&5
configure:12928: $? = 0
configure:12935: result: yes
configure:12946: checking arpa/nameser_compat.h usability
configure:12946: gcc -c -g -O2  conftest.c >&5
configure:12946: $? = 0
configure:12946: result: yes
configure:12946: checking arpa/nameser_compat.h presence
configure:12946: gcc -E  conftest.c
configure:12946: $? = 0
configure:12946: result: yes
configure:12946: checking for arpa/nameser_compat.h
configure:12946: result: yes
configure:12946: checking fcntl.h usability
configure:12946: gcc -c -g -O2  conftest.c >&5
configure:12946: $? = 0
configure:12946: result: yes
configure:12946: checking fcntl.h presence
configure:12946: gcc -E  conftest.c
configure:12946: $? = 0
configure:12946: result: yes
configure:12946: checking for fcntl.h
configure:12946: result: yes
configure:12946: checking sys/time.h usability
configure:12946: gcc -c -g -O2  conftest.c >&5
configure:12946: $? = 0
configure:12946: result: yes
configure:12946: checking sys/time.h presence
configure:12946: gcc -E  conftest.c
configure:12946: $? = 0
configure:12946: result: yes
configure:12946: checking for sys/time.h
configure:12946: result: yes
configure:12946: checking for unistd.h
configure:12946: result: yes
configure:12946: checking locale.h usability
configure:12946: gcc -c -g -O2  conftest.c >&5
configure:12946: $? = 0
configure:12946: result: yes
configure:12946: checking locale.h presence
configure:12946: gcc -E  conftest.c
configure:12946: $? = 0
configure:12946: result: yes
configure:12946: checking for locale.h
configure:12946: result: yes
configure:12946: checking signal.h usability
configure:12946: gcc -c -g -O2  conftest.c >&5
configure:12946: $? = 0
configure:12946: result: yes
configure:12946: checking signal.h presence
configure:12946: gcc -E  conftest.c
configure:12946: $? = 0
configure:12946: result: yes
configure:12946: checking for signal.h
configure:12946: result: yes
configure:12946: checking for stdint.h
configure:12946: result: yes
configure:12946: checking regex.h usability
configure:12946: gcc -c -g -O2  conftest.c >&5
configure:12946: $? = 0
configure:12946: result: yes
configure:12946: checking regex.h presence
configure:12946: gcc -E  conftest.c
configure:12946: $? = 0
configure:12946: result: yes
configure:12946: checking for regex.h
configure:12946: result: yes
configure:12957: checking for an ANSI C-conforming const
configure:13023: gcc -c -g -O2  conftest.c >&5
configure:13023: $? = 0
configure:13030: result: yes
configure:13038: checking whether struct tm is in sys/time.h or time.h
configure:13058: gcc -c -g -O2  conftest.c >&5
configure:13058: $? = 0
configure:13065: result: time.h
configure:13077: checking size of time_t
configure:13082: gcc -o conftest -g -O2   conftest.c  >&5
configure:13082: $? = 0
configure:13082: ./conftest
configure:13082: $? = 0
configure:13099: result: 8
configure:13110: checking whether byte ordering is bigendian
configure:13125: gcc -c -g -O2  conftest.c >&5
conftest.c:38:9: error: unknown type name 'not'
         not a universal capable compiler
         ^
conftest.c:38:15: error: expected '=', ',', ';', 'asm' or '__attribute__' before 'universal'
         not a universal capable compiler
               ^
conftest.c:38:15: error: unknown type name 'universal'
configure:13125: $? = 1
configure: failed program was:
| /* confdefs.h */
| #define PACKAGE_NAME "pidgin"
| #define PACKAGE_TARNAME "pidgin"
| #define PACKAGE_VERSION "2.11.0"
| #define PACKAGE_STRING "pidgin 2.11.0"
| #define PACKAGE_BUGREPORT "devel@pidgin.im"
| #define PACKAGE_URL ""
| #define PACKAGE "pidgin"
| #define VERSION "2.11.0"
| #define CONFIG_ARGS ""
| #define STDC_HEADERS 1
| #define HAVE_SYS_TYPES_H 1
| #define HAVE_SYS_STAT_H 1
| #define HAVE_STDLIB_H 1
| #define HAVE_STRING_H 1
| #define HAVE_MEMORY_H 1
| #define HAVE_STRINGS_H 1
| #define HAVE_INTTYPES_H 1
| #define HAVE_STDINT_H 1
| #define HAVE_UNISTD_H 1
| #define HAVE_DLFCN_H 1
| #define LT_OBJDIR ".libs/"
| #define HAVE_ALLOCA_H 1
| #define HAVE_ALLOCA 1
| #define STDC_HEADERS 1
| #define HAVE_SYS_WAIT_H 1
| #define HAVE_ARPA_NAMESER_COMPAT_H 1
| #define HAVE_FCNTL_H 1
| #define HAVE_SYS_TIME_H 1
| #define HAVE_UNISTD_H 1
| #define HAVE_LOCALE_H 1
| #define HAVE_SIGNAL_H 1
| #define HAVE_STDINT_H 1
| #define HAVE_REGEX_H 1
| #define SIZEOF_TIME_T 8
| /* end confdefs.h.  */
| #ifndef __APPLE_CC__
| 	       not a universal capable compiler
| 	     #endif
| 	     typedef int dummy;
| 
configure:13170: gcc -c -g -O2  conftest.c >&5
configure:13170: $? = 0
configure:13188: gcc -c -g -O2  conftest.c >&5
conftest.c: In function 'main':
conftest.c:44:4: error: unknown type name 'not'
    not big endian
    ^
conftest.c:44:12: error: expected '=', ',', ';', 'asm' or '__attribute__' before 'endian'
    not big endian
            ^
configure:13188: $? = 1
configure: failed program was:
| /* confdefs.h */
| #define PACKAGE_NAME "pidgin"
| #define PACKAGE_TARNAME "pidgin"
| #define PACKAGE_VERSION "2.11.0"
| #define PACKAGE_STRING "pidgin 2.11.0"
| #define PACKAGE_BUGREPORT "devel@pidgin.im"
| #define PACKAGE_URL ""
| #define PACKAGE "pidgin"
| #define VERSION "2.11.0"
| #define CONFIG_ARGS ""
| #define STDC_HEADERS 1
| #define HAVE_SYS_TYPES_H 1
| #define HAVE_SYS_STAT_H 1
| #define HAVE_STDLIB_H 1
| #define HAVE_STRING_H 1
| #define HAVE_MEMORY_H 1
| #define HAVE_STRINGS_H 1
| #define HAVE_INTTYPES_H 1
| #define HAVE_STDINT_H 1
| #define HAVE_UNISTD_H 1
| #define HAVE_DLFCN_H 1
| #define LT_OBJDIR ".libs/"
| #define HAVE_ALLOCA_H 1
| #define HAVE_ALLOCA 1
| #define STDC_HEADERS 1
| #define HAVE_SYS_WAIT_H 1
| #define HAVE_ARPA_NAMESER_COMPAT_H 1
| #define HAVE_FCNTL_H 1
| #define HAVE_SYS_TIME_H 1
| #define HAVE_UNISTD_H 1
| #define HAVE_LOCALE_H 1
| #define HAVE_SIGNAL_H 1
| #define HAVE_STDINT_H 1
| #define HAVE_REGEX_H 1
| #define SIZEOF_TIME_T 8
| /* end confdefs.h.  */
| #include <sys/types.h>
| 		#include <sys/param.h>
| 
| int
| main ()
| {
| #if BYTE_ORDER != BIG_ENDIAN
| 		 not big endian
| 		#endif
| 
|   ;
|   return 0;
| }
configure:13316: result: no
configure:13335: checking return type of signal handlers
configure:13353: gcc -c -g -O2  conftest.c >&5
conftest.c: In function 'main':
conftest.c:43:1: error: void value not ignored as it ought to be
 return *(signal (0, 0)) (0) == 1;
 ^
configure:13353: $? = 1
configure: failed program was:
| /* confdefs.h */
| #define PACKAGE_NAME "pidgin"
| #define PACKAGE_TARNAME "pidgin"
| #define PACKAGE_VERSION "2.11.0"
| #define PACKAGE_STRING "pidgin 2.11.0"
| #define PACKAGE_BUGREPORT "devel@pidgin.im"
| #define PACKAGE_URL ""
| #define PACKAGE "pidgin"
| #define VERSION "2.11.0"
| #define CONFIG_ARGS ""
| #define STDC_HEADERS 1
| #define HAVE_SYS_TYPES_H 1
| #define HAVE_SYS_STAT_H 1
| #define HAVE_STDLIB_H 1
| #define HAVE_STRING_H 1
| #define HAVE_MEMORY_H 1
| #define HAVE_STRINGS_H 1
| #define HAVE_INTTYPES_H 1
| #define HAVE_STDINT_H 1
| #define HAVE_UNISTD_H 1
| #define HAVE_DLFCN_H 1
| #define LT_OBJDIR ".libs/"
| #define HAVE_ALLOCA_H 1
| #define HAVE_ALLOCA 1
| #define STDC_HEADERS 1
| #define HAVE_SYS_WAIT_H 1
| #define HAVE_ARPA_NAMESER_COMPAT_H 1
| #define HAVE_FCNTL_H 1
| #define HAVE_SYS_TIME_H 1
| #define HAVE_UNISTD_H 1
| #define HAVE_LOCALE_H 1
| #define HAVE_SIGNAL_H 1
| #define HAVE_STDINT_H 1
| #define HAVE_REGEX_H 1
| #define SIZEOF_TIME_T 8
| /* end confdefs.h.  */
| #include <sys/types.h>
| #include <signal.h>
| 
| int
| main ()
| {
| return *(signal (0, 0)) (0) == 1;
|   ;
|   return 0;
| }
configure:13360: result: void
configure:13370: checking for strftime
configure:13370: gcc -o conftest -g -O2   conftest.c  >&5
conftest.c:61:6: warning: conflicting types for built-in function 'strftime' [enabled by default]
 char strftime ();
      ^
configure:13370: $? = 0
configure:13370: result: yes
configure:13426: checking for strdup
configure:13426: gcc -o conftest -g -O2   conftest.c  >&5
conftest.c:62:6: warning: conflicting types for built-in function 'strdup' [enabled by default]
 char strdup ();
      ^
configure:13426: $? = 0
configure:13426: result: yes
configure:13426: checking for strstr
configure:13426: gcc -o conftest -g -O2   conftest.c  >&5
conftest.c:63:6: warning: conflicting types for built-in function 'strstr' [enabled by default]
 char strstr ();
      ^
configure:13426: $? = 0
configure:13426: result: yes
configure:13426: checking for atexit
configure:13426: gcc -o conftest -g -O2   conftest.c  >&5
configure:13426: $? = 0
configure:13426: result: yes
configure:13426: checking for setlocale
configure:13426: gcc -o conftest -g -O2   conftest.c  >&5
configure:13426: $? = 0
configure:13426: result: yes
configure:13437: checking for getopt_long
configure:13437: gcc -o conftest -g -O2   conftest.c  >&5
configure:13437: $? = 0
configure:13437: result: yes
configure:13462: checking for inet_aton
configure:13462: gcc -o conftest -g -O2   conftest.c  >&5
configure:13462: $? = 0
configure:13462: result: yes
configure:13515: checking for __res_query in -lresolv
configure:13540: gcc -o conftest -g -O2   conftest.c -lresolv   >&5
configure:13540: $? = 0
configure:13549: result: yes
configure:13560: checking for gethostent in -lnsl
configure:13585: gcc -o conftest -g -O2   conftest.c -lnsl  -lresolv  >&5
configure:13585: $? = 0
configure:13594: result: yes
configure:13605: checking for socket
configure:13605: gcc -o conftest -g -O2   conftest.c -lnsl -lresolv  >&5
configure:13605: $? = 0
configure:13605: result: yes
configure:13658: checking for getaddrinfo
configure:13658: gcc -o conftest -g -O2   conftest.c -lnsl -lresolv  >&5
configure:13658: $? = 0
configure:13658: result: yes
configure:13709: checking for inet_ntop
configure:13709: gcc -o conftest -g -O2   conftest.c -lnsl -lresolv  >&5
configure:13709: $? = 0
configure:13709: result: yes
configure:13720: checking for getifaddrs
configure:13720: gcc -o conftest -g -O2   conftest.c -lnsl -lresolv  >&5
configure:13720: $? = 0
configure:13720: result: yes
configure:13729: checking for socklen_t
configure:13746: gcc -c -g -O2  conftest.c >&5
configure:13746: $? = 0
configure:13748: result: yes
configure:13790: checking for struct sockaddr.sa_len
configure:13790: gcc -c -g -O2  conftest.c >&5
conftest.c: In function 'main':
conftest.c:55:12: error: 'struct sockaddr' has no member named 'sa_len'
 if (ac_aggr.sa_len)
            ^
configure:13790: $? = 1
configure: failed program was:
| /* confdefs.h */
| #define PACKAGE_NAME "pidgin"
| #define PACKAGE_TARNAME "pidgin"
| #define PACKAGE_VERSION "2.11.0"
| #define PACKAGE_STRING "pidgin 2.11.0"
| #define PACKAGE_BUGREPORT "devel@pidgin.im"
| #define PACKAGE_URL ""
| #define PACKAGE "pidgin"
| #define VERSION "2.11.0"
| #define CONFIG_ARGS ""
| #define STDC_HEADERS 1
| #define HAVE_SYS_TYPES_H 1
| #define HAVE_SYS_STAT_H 1
| #define HAVE_STDLIB_H 1
| #define HAVE_STRING_H 1
| #define HAVE_MEMORY_H 1
| #define HAVE_STRINGS_H 1
| #define HAVE_INTTYPES_H 1
| #define HAVE_STDINT_H 1
| #define HAVE_UNISTD_H 1
| #define HAVE_DLFCN_H 1
| #define LT_OBJDIR ".libs/"
| #define HAVE_ALLOCA_H 1
| #define HAVE_ALLOCA 1
| #define STDC_HEADERS 1
| #define HAVE_SYS_WAIT_H 1
| #define HAVE_ARPA_NAMESER_COMPAT_H 1
| #define HAVE_FCNTL_H 1
| #define HAVE_SYS_TIME_H 1
| #define HAVE_UNISTD_H 1
| #define HAVE_LOCALE_H 1
| #define HAVE_SIGNAL_H 1
| #define HAVE_STDINT_H 1
| #define HAVE_REGEX_H 1
| #define SIZEOF_TIME_T 8
| #define RETSIGTYPE void
| #define HAVE_STRFTIME 1
| #define HAVE_STRDUP 1
| #define HAVE_STRSTR 1
| #define HAVE_ATEXIT 1
| #define HAVE_SETLOCALE 1
| #define HAVE_GETOPT_LONG 1
| #define HAVE_LIBRESOLV 1
| #define HAVE_LIBNSL 1
| #define HAVE_GETADDRINFO 1
| #define HAVE_INET_NTOP 1
| #define HAVE_GETIFADDRS 1
| /* end confdefs.h.  */
| #include <sys/socket.h>
| 
| int
| main ()
| {
| static struct sockaddr ac_aggr;
| if (ac_aggr.sa_len)
| return 0;
|   ;
|   return 0;
| }
configure:13790: gcc -c -g -O2  conftest.c >&5
conftest.c: In function 'main':
conftest.c:55:19: error: 'struct sockaddr' has no member named 'sa_len'
 if (sizeof ac_aggr.sa_len)
                   ^
configure:13790: $? = 1
configure: failed program was:
| /* confdefs.h */
| #define PACKAGE_NAME "pidgin"
| #define PACKAGE_TARNAME "pidgin"
| #define PACKAGE_VERSION "2.11.0"
| #define PACKAGE_STRING "pidgin 2.11.0"
| #define PACKAGE_BUGREPORT "devel@pidgin.im"
| #define PACKAGE_URL ""
| #define PACKAGE "pidgin"
| #define VERSION "2.11.0"
| #define CONFIG_ARGS ""
| #define STDC_HEADERS 1
| #define HAVE_SYS_TYPES_H 1
| #define HAVE_SYS_STAT_H 1
| #define HAVE_STDLIB_H 1
| #define HAVE_STRING_H 1
| #define HAVE_MEMORY_H 1
| #define HAVE_STRINGS_H 1
| #define HAVE_INTTYPES_H 1
| #define HAVE_STDINT_H 1
| #define HAVE_UNISTD_H 1
| #define HAVE_DLFCN_H 1
| #define LT_OBJDIR ".libs/"
| #define HAVE_ALLOCA_H 1
| #define HAVE_ALLOCA 1
| #define STDC_HEADERS 1
| #define HAVE_SYS_WAIT_H 1
| #define HAVE_ARPA_NAMESER_COMPAT_H 1
| #define HAVE_FCNTL_H 1
| #define HAVE_SYS_TIME_H 1
| #define HAVE_UNISTD_H 1
| #define HAVE_LOCALE_H 1
| #define HAVE_SIGNAL_H 1
| #define HAVE_STDINT_H 1
| #define HAVE_REGEX_H 1
| #define SIZEOF_TIME_T 8
| #define RETSIGTYPE void
| #define HAVE_STRFTIME 1
| #define HAVE_STRDUP 1
| #define HAVE_STRSTR 1
| #define HAVE_ATEXIT 1
| #define HAVE_SETLOCALE 1
| #define HAVE_GETOPT_LONG 1
| #define HAVE_LIBRESOLV 1
| #define HAVE_LIBNSL 1
| #define HAVE_GETADDRINFO 1
| #define HAVE_INET_NTOP 1
| #define HAVE_GETIFADDRS 1
| /* end confdefs.h.  */
| #include <sys/socket.h>
| 
| int
| main ()
| {
| static struct sockaddr ac_aggr;
| if (sizeof ac_aggr.sa_len)
| return 0;
|   ;
|   return 0;
| }
configure:13790: result: no
configure:13801: checking whether IPV6_V6ONLY is declared
configure:13801: gcc -c -g -O2  conftest.c >&5
configure:13801: $? = 0
configure:13801: result: yes
configure:13817: checking for special C compiler options needed for large files
configure:13862: result: no
configure:13868: checking for _FILE_OFFSET_BITS value needed for large files
configure:13893: gcc -c -g -O2  conftest.c >&5
configure:13893: $? = 0
configure:13925: result: no
configure:14011: checking for dlopen
configure:14011: gcc -o conftest -g -O2   conftest.c -lnsl -lresolv  >&5
/tmp/cc4sUqmU.o: In function `main':
/home/parallels/Downloads/pidgin-2.11.0/conftest.c:84: undefined reference to `dlopen'
collect2: error: ld returned 1 exit status
configure:14011: $? = 1
configure: failed program was:
| /* confdefs.h */
| #define PACKAGE_NAME "pidgin"
| #define PACKAGE_TARNAME "pidgin"
| #define PACKAGE_VERSION "2.11.0"
| #define PACKAGE_STRING "pidgin 2.11.0"
| #define PACKAGE_BUGREPORT "devel@pidgin.im"
| #define PACKAGE_URL ""
| #define PACKAGE "pidgin"
| #define VERSION "2.11.0"
| #define CONFIG_ARGS ""
| #define STDC_HEADERS 1
| #define HAVE_SYS_TYPES_H 1
| #define HAVE_SYS_STAT_H 1
| #define HAVE_STDLIB_H 1
| #define HAVE_STRING_H 1
| #define HAVE_MEMORY_H 1
| #define HAVE_STRINGS_H 1
| #define HAVE_INTTYPES_H 1
| #define HAVE_STDINT_H 1
| #define HAVE_UNISTD_H 1
| #define HAVE_DLFCN_H 1
| #define LT_OBJDIR ".libs/"
| #define HAVE_ALLOCA_H 1
| #define HAVE_ALLOCA 1
| #define STDC_HEADERS 1
| #define HAVE_SYS_WAIT_H 1
| #define HAVE_ARPA_NAMESER_COMPAT_H 1
| #define HAVE_FCNTL_H 1
| #define HAVE_SYS_TIME_H 1
| #define HAVE_UNISTD_H 1
| #define HAVE_LOCALE_H 1
| #define HAVE_SIGNAL_H 1
| #define HAVE_STDINT_H 1
| #define HAVE_REGEX_H 1
| #define SIZEOF_TIME_T 8
| #define RETSIGTYPE void
| #define HAVE_STRFTIME 1
| #define HAVE_STRDUP 1
| #define HAVE_STRSTR 1
| #define HAVE_ATEXIT 1
| #define HAVE_SETLOCALE 1
| #define HAVE_GETOPT_LONG 1
| #define HAVE_LIBRESOLV 1
| #define HAVE_LIBNSL 1
| #define HAVE_GETADDRINFO 1
| #define HAVE_INET_NTOP 1
| #define HAVE_GETIFADDRS 1
| #define HAVE_IPV6_V6ONLY 1
| /* end confdefs.h.  */
| /* Define dlopen to an innocuous variant, in case <limits.h> declares dlopen.
|    For example, HP-UX 11i <limits.h> declares gettimeofday.  */
| #define dlopen innocuous_dlopen
| 
| /* System header to define __stub macros and hopefully few prototypes,
|     which can conflict with char dlopen (); below.
|     Prefer <limits.h> to <assert.h> if __STDC__ is defined, since
|     <limits.h> exists even on freestanding compilers.  */
| 
| #ifdef __STDC__
| # include <limits.h>
| #else
| # include <assert.h>
| #endif
| 
| #undef dlopen
| 
| /* Override any GCC internal prototype to avoid an error.
|    Use char because int might match the return type of a GCC
|    builtin and then its argument prototype would still apply.  */
| #ifdef __cplusplus
| extern "C"
| #endif
| char dlopen ();
| /* The GNU C library defines this for functions which it implements
|     to always fail with ENOSYS.  Some functions are actually named
|     something starting with __ and the normal name is an alias.  */
| #if defined __stub_dlopen || defined __stub___dlopen
| choke me
| #endif
| 
| int
| main ()
| {
| return dlopen ();
|   ;
|   return 0;
| }
configure:14011: result: no
configure:14015: checking for dlopen in -ldl
configure:14040: gcc -o conftest -g -O2   conftest.c -ldl  -lnsl -lresolv  >&5
configure:14040: $? = 0
configure:14049: result: yes
configure:14058: checking for library containing ceil
configure:14089: gcc -o conftest -g -O2   conftest.c -lnsl -lresolv  >&5
conftest.c:57:6: warning: conflicting types for built-in function 'ceil' [enabled by default]
 char ceil ();
      ^
/tmp/cc18w4qZ.o: In function `main':
/home/parallels/Downloads/pidgin-2.11.0/conftest.c:61: undefined reference to `ceil'
collect2: error: ld returned 1 exit status
configure:14089: $? = 1
configure: failed program was:
| /* confdefs.h */
| #define PACKAGE_NAME "pidgin"
| #define PACKAGE_TARNAME "pidgin"
| #define PACKAGE_VERSION "2.11.0"
| #define PACKAGE_STRING "pidgin 2.11.0"
| #define PACKAGE_BUGREPORT "devel@pidgin.im"
| #define PACKAGE_URL ""
| #define PACKAGE "pidgin"
| #define VERSION "2.11.0"
| #define CONFIG_ARGS ""
| #define STDC_HEADERS 1
| #define HAVE_SYS_TYPES_H 1
| #define HAVE_SYS_STAT_H 1
| #define HAVE_STDLIB_H 1
| #define HAVE_STRING_H 1
| #define HAVE_MEMORY_H 1
| #define HAVE_STRINGS_H 1
| #define HAVE_INTTYPES_H 1
| #define HAVE_STDINT_H 1
| #define HAVE_UNISTD_H 1
| #define HAVE_DLFCN_H 1
| #define LT_OBJDIR ".libs/"
| #define HAVE_ALLOCA_H 1
| #define HAVE_ALLOCA 1
| #define STDC_HEADERS 1
| #define HAVE_SYS_WAIT_H 1
| #define HAVE_ARPA_NAMESER_COMPAT_H 1
| #define HAVE_FCNTL_H 1
| #define HAVE_SYS_TIME_H 1
| #define HAVE_UNISTD_H 1
| #define HAVE_LOCALE_H 1
| #define HAVE_SIGNAL_H 1
| #define HAVE_STDINT_H 1
| #define HAVE_REGEX_H 1
| #define SIZEOF_TIME_T 8
| #define RETSIGTYPE void
| #define HAVE_STRFTIME 1
| #define HAVE_STRDUP 1
| #define HAVE_STRSTR 1
| #define HAVE_ATEXIT 1
| #define HAVE_SETLOCALE 1
| #define HAVE_GETOPT_LONG 1
| #define HAVE_LIBRESOLV 1
| #define HAVE_LIBNSL 1
| #define HAVE_GETADDRINFO 1
| #define HAVE_INET_NTOP 1
| #define HAVE_GETIFADDRS 1
| #define HAVE_IPV6_V6ONLY 1
| /* end confdefs.h.  */
| 
| /* Override any GCC internal prototype to avoid an error.
|    Use char because int might match the return type of a GCC
|    builtin and then its argument prototype would still apply.  */
| #ifdef __cplusplus
| extern "C"
| #endif
| char ceil ();
| int
| main ()
| {
| return ceil ();
|   ;
|   return 0;
| }
configure:14089: gcc -o conftest -g -O2   conftest.c -lm  -lnsl -lresolv  >&5
conftest.c:57:6: warning: conflicting types for built-in function 'ceil' [enabled by default]
 char ceil ();
      ^
configure:14089: $? = 0
configure:14106: result: -lm
configure:14119: checking for fileno()
configure:14144: gcc -o conftest -g -O2   conftest.c -lm -lnsl -lresolv  >&5
configure:14144: $? = 0
configure:14144: ./conftest
configure:14144: $? = 0
configure:14146: result: yes
configure:14163: checking for the %z format string in strftime()
configure:14201: gcc -o conftest -g -O2   conftest.c -lm -lnsl -lresolv  >&5
configure:14201: $? = 0
configure:14201: ./conftest
strftime("%z") yields: "+0100"
configure:14201: $? = 0
configure:14203: result: yes
configure:14314: checking whether NLS is requested
configure:14323: result: yes
configure:14351: checking for intltool-update
configure:14369: found /usr/bin/intltool-update
configure:14381: result: /usr/bin/intltool-update
configure:14391: checking for intltool-merge
configure:14409: found /usr/bin/intltool-merge
configure:14421: result: /usr/bin/intltool-merge
configure:14431: checking for intltool-extract
configure:14449: found /usr/bin/intltool-extract
configure:14461: result: /usr/bin/intltool-extract
configure:14615: checking for xgettext
configure:14633: found /usr/bin/xgettext
configure:14645: result: /usr/bin/xgettext
configure:14655: checking for msgmerge
configure:14673: found /usr/bin/msgmerge
configure:14685: result: /usr/bin/msgmerge
configure:14695: checking for msgfmt
configure:14713: found /usr/bin/msgfmt
configure:14725: result: /usr/bin/msgfmt
configure:14735: checking for gmsgfmt
configure:14766: result: /usr/bin/msgfmt
configure:14786: checking for perl
configure:14804: found /usr/bin/perl
configure:14816: result: /usr/bin/perl
configure:14827: checking for perl >= 5.8.1
configure:14834: result: 5.18.2
configure:14838: checking for XML::Parser
configure:14841: result: ok
configure:14866: gcc -o conftest -g -O2   conftest.c -lm -lnsl -lresolv  >&5
configure:14866: $? = 0
configure:14899: checking for locale.h
configure:14899: result: yes
configure:14910: checking for LC_MESSAGES
configure:14926: gcc -o conftest -g -O2   conftest.c -lm -lnsl -lresolv  >&5
configure:14926: $? = 0
configure:14934: result: yes
configure:14951: checking libintl.h usability
configure:14951: gcc -c -g -O2  conftest.c >&5
configure:14951: $? = 0
configure:14951: result: yes
configure:14951: checking libintl.h presence
configure:14951: gcc -E  conftest.c
configure:14951: $? = 0
configure:14951: result: yes
configure:14951: checking for libintl.h
configure:14951: result: yes
configure:14959: checking for ngettext in libc
configure:14977: gcc -o conftest -g -O2   conftest.c -lm -lnsl -lresolv  >&5
configure:14977: $? = 0
configure:14986: result: yes
configure:14990: checking for dgettext in libc
configure:15008: gcc -o conftest -g -O2   conftest.c -lm -lnsl -lresolv  >&5
configure:15008: $? = 0
configure:15017: result: yes
configure:15024: checking for bind_textdomain_codeset
configure:15024: gcc -o conftest -g -O2   conftest.c -lm -lnsl -lresolv  >&5
configure:15024: $? = 0
configure:15024: result: yes
configure:15300: checking for msgfmt
configure:15327: result: /usr/bin/msgfmt
configure:15338: checking for dcgettext
configure:15338: gcc -o conftest -g -O2   conftest.c -lm -lnsl -lresolv   >&5
conftest.c:79:6: warning: conflicting types for built-in function 'dcgettext' [enabled by default]
 char dcgettext ();
      ^
configure:15338: $? = 0
configure:15338: result: yes
configure:15348: checking if msgfmt accepts -c
configure:15363: $MSGFMT -c -o /dev/null conftest.foo
conftest.foo:3: warning: header field 'Language' missing in header
configure:15366: $? = 0
configure:15368: result: yes
configure:15378: checking for gmsgfmt
configure:15409: result: /usr/bin/msgfmt
configure:15419: checking for xgettext
configure:15446: result: /usr/bin/xgettext
configure:15465: gcc -o conftest -g -O2   conftest.c -lm -lnsl -lresolv   >&5
configure:15465: $? = 0
configure:15547: checking for catalogs to be installed
configure:15572: result:  af am ar as ast az be@latin bg bn_IN bn br brx bs ca ca@valencia cs da de dz el en_AU en_CA en_GB eo es_AR es et eu fa fi fr ga gl gu he hi hr hu id it ja ka kk km kn ko ks ku_IQ ku lt lv mai mhr mk ml mn mr ms_MY my_MM nb ne nl nn oc or pa pl ps pt_BR pt ro ru sd si sk sl sq sr@latin sr sv sw ta te th tr tt uk ur uz vi xh zh_CN zh_HK zh_TW
configure:15636: checking for GLIB
configure:15643: $PKG_CONFIG --exists --print-errors "glib-2.0 >= 2.16.0 gobject-2.0 gmodule-2.0 gthread-2.0"
configure:15646: $? = 0
configure:15660: $PKG_CONFIG --exists --print-errors "glib-2.0 >= 2.16.0 gobject-2.0 gmodule-2.0 gthread-2.0"
configure:15663: $? = 0
configure:15719: result: yes
configure:15831: checking for X
configure:15939: gcc -E  conftest.c
configure:15939: $? = 0
configure:15970: gcc -o conftest -g -O2   conftest.c -lX11 -lm -lnsl -lresolv  >&5
configure:15970: $? = 0
configure:16020: result: libraries , headers 
configure:16119: gcc -o conftest -g -O2   conftest.c -lm -lnsl -lresolv   -lX11 >&5
configure:16119: $? = 0
configure:16217: checking for gethostbyname
configure:16217: gcc -o conftest -g -O2   conftest.c -lm -lnsl -lresolv  >&5
configure:16217: $? = 0
configure:16217: result: yes
configure:16314: checking for connect
configure:16314: gcc -o conftest -g -O2   conftest.c -lm -lnsl -lresolv  >&5
configure:16314: $? = 0
configure:16314: result: yes
configure:16363: checking for remove
configure:16363: gcc -o conftest -g -O2   conftest.c -lm -lnsl -lresolv  >&5
configure:16363: $? = 0
configure:16363: result: yes
configure:16412: checking for shmat
configure:16412: gcc -o conftest -g -O2   conftest.c -lm -lnsl -lresolv  >&5
configure:16412: $? = 0
configure:16412: result: yes
configure:16470: checking for IceConnectionNumber in -lICE
configure:16495: gcc -o conftest -g -O2   conftest.c -lICE  -lm -lnsl -lresolv  >&5
configure:16495: $? = 0
configure:16504: result: yes
configure:16531: checking for GTK
configure:16538: $PKG_CONFIG --exists --print-errors "gtk+-2.0 >= 2.10.0"
configure:16541: $? = 0
configure:16555: $PKG_CONFIG --exists --print-errors "gtk+-2.0 >= 2.10.0"
configure:16558: $? = 0
configure:16612: result: yes
configure:16622: checking for PANGO
configure:16629: $PKG_CONFIG --exists --print-errors "pango >= 1.4.0"
configure:16632: $? = 0
configure:16646: $PKG_CONFIG --exists --print-errors "pango >= 1.4.0"
configure:16649: $? = 0
configure:16687: result: yes
configure:16697: checking for X11
configure:16704: $PKG_CONFIG --exists --print-errors "x11"
configure:16707: $? = 0
configure:16721: $PKG_CONFIG --exists --print-errors "x11"
configure:16724: $? = 0
configure:16790: result: yes
configure:16810: checking for XScreenSaverRegister in -lXext
configure:16835: gcc -o conftest -g -O2   conftest.c -lXext -lX11 -lXext -lm -lm -lnsl -lresolv  -lgtk-x11-2.0 -lgdk-x11-2.0 -latk-1.0 -lgio-2.0 -lpangoft2-1.0 -lpangocairo-1.0 -lgdk_pixbuf-2.0 -lcairo -lpango-1.0 -lfontconfig -lgobject-2.0 -lglib-2.0 -lfreetype    >&5
/tmp/ccsPK5BT.o: In function `main':
/home/parallels/Downloads/pidgin-2.11.0/conftest.c:72: undefined reference to `XScreenSaverRegister'
collect2: error: ld returned 1 exit status
configure:16835: $? = 1
configure: failed program was:
| /* confdefs.h */
| #define PACKAGE_NAME "pidgin"
| #define PACKAGE_TARNAME "pidgin"
| #define PACKAGE_VERSION "2.11.0"
| #define PACKAGE_STRING "pidgin 2.11.0"
| #define PACKAGE_BUGREPORT "devel@pidgin.im"
| #define PACKAGE_URL ""
| #define PACKAGE "pidgin"
| #define VERSION "2.11.0"
| #define CONFIG_ARGS ""
| #define STDC_HEADERS 1
| #define HAVE_SYS_TYPES_H 1
| #define HAVE_SYS_STAT_H 1
| #define HAVE_STDLIB_H 1
| #define HAVE_STRING_H 1
| #define HAVE_MEMORY_H 1
| #define HAVE_STRINGS_H 1
| #define HAVE_INTTYPES_H 1
| #define HAVE_STDINT_H 1
| #define HAVE_UNISTD_H 1
| #define HAVE_DLFCN_H 1
| #define LT_OBJDIR ".libs/"
| #define HAVE_ALLOCA_H 1
| #define HAVE_ALLOCA 1
| #define STDC_HEADERS 1
| #define HAVE_SYS_WAIT_H 1
| #define HAVE_ARPA_NAMESER_COMPAT_H 1
| #define HAVE_FCNTL_H 1
| #define HAVE_SYS_TIME_H 1
| #define HAVE_UNISTD_H 1
| #define HAVE_LOCALE_H 1
| #define HAVE_SIGNAL_H 1
| #define HAVE_STDINT_H 1
| #define HAVE_REGEX_H 1
| #define SIZEOF_TIME_T 8
| #define RETSIGTYPE void
| #define HAVE_STRFTIME 1
| #define HAVE_STRDUP 1
| #define HAVE_STRSTR 1
| #define HAVE_ATEXIT 1
| #define HAVE_SETLOCALE 1
| #define HAVE_GETOPT_LONG 1
| #define HAVE_LIBRESOLV 1
| #define HAVE_LIBNSL 1
| #define HAVE_GETADDRINFO 1
| #define HAVE_INET_NTOP 1
| #define HAVE_GETIFADDRS 1
| #define HAVE_IPV6_V6ONLY 1
| #define HAVE_FILENO 1
| #define HAVE_STRFTIME_Z_FORMAT 1
| #define HAVE_LOCALE_H 1
| #define HAVE_LC_MESSAGES 1
| #define HAVE_BIND_TEXTDOMAIN_CODESET 1
| #define HAVE_GETTEXT 1
| #define HAVE_DCGETTEXT 1
| #define ENABLE_NLS 1
| #define DISPLAY_VERSION "2.11.0"
| #define HAVE_PANGO14 1
| #define HAVE_X11 1
| /* end confdefs.h.  */
| 
| /* Override any GCC internal prototype to avoid an error.
|    Use char because int might match the return type of a GCC
|    builtin and then its argument prototype would still apply.  */
| #ifdef __cplusplus
| extern "C"
| #endif
| char XScreenSaverRegister ();
| int
| main ()
| {
| return XScreenSaverRegister ();
|   ;
|   return 0;
| }
configure:16844: result: no
configure:16850: checking for XScreenSaverRegister in -lXss
configure:16875: gcc -o conftest -g -O2   conftest.c -lXss -lX11 -lXext -lm -lm -lnsl -lresolv  -lgtk-x11-2.0 -lgdk-x11-2.0 -latk-1.0 -lgio-2.0 -lpangoft2-1.0 -lpangocairo-1.0 -lgdk_pixbuf-2.0 -lcairo -lpango-1.0 -lfontconfig -lgobject-2.0 -lglib-2.0 -lfreetype    >&5
/usr/bin/ld: cannot find -lXss
collect2: error: ld returned 1 exit status
configure:16875: $? = 1
configure: failed program was:
| /* confdefs.h */
| #define PACKAGE_NAME "pidgin"
| #define PACKAGE_TARNAME "pidgin"
| #define PACKAGE_VERSION "2.11.0"
| #define PACKAGE_STRING "pidgin 2.11.0"
| #define PACKAGE_BUGREPORT "devel@pidgin.im"
| #define PACKAGE_URL ""
| #define PACKAGE "pidgin"
| #define VERSION "2.11.0"
| #define CONFIG_ARGS ""
| #define STDC_HEADERS 1
| #define HAVE_SYS_TYPES_H 1
| #define HAVE_SYS_STAT_H 1
| #define HAVE_STDLIB_H 1
| #define HAVE_STRING_H 1
| #define HAVE_MEMORY_H 1
| #define HAVE_STRINGS_H 1
| #define HAVE_INTTYPES_H 1
| #define HAVE_STDINT_H 1
| #define HAVE_UNISTD_H 1
| #define HAVE_DLFCN_H 1
| #define LT_OBJDIR ".libs/"
| #define HAVE_ALLOCA_H 1
| #define HAVE_ALLOCA 1
| #define STDC_HEADERS 1
| #define HAVE_SYS_WAIT_H 1
| #define HAVE_ARPA_NAMESER_COMPAT_H 1
| #define HAVE_FCNTL_H 1
| #define HAVE_SYS_TIME_H 1
| #define HAVE_UNISTD_H 1
| #define HAVE_LOCALE_H 1
| #define HAVE_SIGNAL_H 1
| #define HAVE_STDINT_H 1
| #define HAVE_REGEX_H 1
| #define SIZEOF_TIME_T 8
| #define RETSIGTYPE void
| #define HAVE_STRFTIME 1
| #define HAVE_STRDUP 1
| #define HAVE_STRSTR 1
| #define HAVE_ATEXIT 1
| #define HAVE_SETLOCALE 1
| #define HAVE_GETOPT_LONG 1
| #define HAVE_LIBRESOLV 1
| #define HAVE_LIBNSL 1
| #define HAVE_GETADDRINFO 1
| #define HAVE_INET_NTOP 1
| #define HAVE_GETIFADDRS 1
| #define HAVE_IPV6_V6ONLY 1
| #define HAVE_FILENO 1
| #define HAVE_STRFTIME_Z_FORMAT 1
| #define HAVE_LOCALE_H 1
| #define HAVE_LC_MESSAGES 1
| #define HAVE_BIND_TEXTDOMAIN_CODESET 1
| #define HAVE_GETTEXT 1
| #define HAVE_DCGETTEXT 1
| #define ENABLE_NLS 1
| #define DISPLAY_VERSION "2.11.0"
| #define HAVE_PANGO14 1
| #define HAVE_X11 1
| /* end confdefs.h.  */
| 
| /* Override any GCC internal prototype to avoid an error.
|    Use char because int might match the return type of a GCC
|    builtin and then its argument prototype would still apply.  */
| #ifdef __cplusplus
| extern "C"
| #endif
| char XScreenSaverRegister ();
| int
| main ()
| {
| return XScreenSaverRegister ();
|   ;
|   return 0;
| }
configure:16884: result: no
configure:16926: error: 
XScreenSaver extension development headers not found.
Use --disable-screensaver if you do not need XScreenSaver extension support,
this is required for detecting idle time by mouse and keyboard usage.


## ---------------- ##
## Cache variables. ##
## ---------------- ##

ac_cv_build=x86_64-unknown-linux-gnu
ac_cv_c_bigendian=no
ac_cv_c_compiler_gnu=yes
ac_cv_c_const=yes
ac_cv_env_AVAHI_CFLAGS_set=
ac_cv_env_AVAHI_CFLAGS_value=
ac_cv_env_AVAHI_LIBS_set=
ac_cv_env_AVAHI_LIBS_value=
ac_cv_env_CC_set=
ac_cv_env_CC_value=
ac_cv_env_CFLAGS_set=
ac_cv_env_CFLAGS_value=
ac_cv_env_CHECK_CFLAGS_set=
ac_cv_env_CHECK_CFLAGS_value=
ac_cv_env_CHECK_LIBS_set=
ac_cv_env_CHECK_LIBS_value=
ac_cv_env_CPPFLAGS_set=
ac_cv_env_CPPFLAGS_value=
ac_cv_env_CPP_set=
ac_cv_env_CPP_value=
ac_cv_env_DBUS_CFLAGS_set=
ac_cv_env_DBUS_CFLAGS_value=
ac_cv_env_DBUS_LIBS_set=
ac_cv_env_DBUS_LIBS_value=
ac_cv_env_EVOLUTION_ADDRESSBOOK_CFLAGS_set=
ac_cv_env_EVOLUTION_ADDRESSBOOK_CFLAGS_value=
ac_cv_env_EVOLUTION_ADDRESSBOOK_LIBS_set=
ac_cv_env_EVOLUTION_ADDRESSBOOK_LIBS_value=
ac_cv_env_FARSTREAM_CFLAGS_set=
ac_cv_env_FARSTREAM_CFLAGS_value=
ac_cv_env_FARSTREAM_LIBS_set=
ac_cv_env_FARSTREAM_LIBS_value=
ac_cv_env_GLIB_CFLAGS_set=
ac_cv_env_GLIB_CFLAGS_value=
ac_cv_env_GLIB_LIBS_set=
ac_cv_env_GLIB_LIBS_value=
ac_cv_env_GNUTLS_2_10_CFLAGS_set=
ac_cv_env_GNUTLS_2_10_CFLAGS_value=
ac_cv_env_GNUTLS_2_10_LIBS_set=
ac_cv_env_GNUTLS_2_10_LIBS_value=
ac_cv_env_GSTAPP_CFLAGS_set=
ac_cv_env_GSTAPP_CFLAGS_value=
ac_cv_env_GSTAPP_LIBS_set=
ac_cv_env_GSTAPP_LIBS_value=
ac_cv_env_GSTINTERFACES_CFLAGS_set=
ac_cv_env_GSTINTERFACES_CFLAGS_value=
ac_cv_env_GSTINTERFACES_LIBS_set=
ac_cv_env_GSTINTERFACES_LIBS_value=
ac_cv_env_GSTREAMER_CFLAGS_set=
ac_cv_env_GSTREAMER_CFLAGS_value=
ac_cv_env_GSTREAMER_LIBS_set=
ac_cv_env_GSTREAMER_LIBS_value=
ac_cv_env_GSTVIDEO_CFLAGS_set=
ac_cv_env_GSTVIDEO_CFLAGS_value=
ac_cv_env_GSTVIDEO_LIBS_set=
ac_cv_env_GSTVIDEO_LIBS_value=
ac_cv_env_GTKSPELL_CFLAGS_set=
ac_cv_env_GTKSPELL_CFLAGS_value=
ac_cv_env_GTKSPELL_LIBS_set=
ac_cv_env_GTKSPELL_LIBS_value=
ac_cv_env_GTK_CFLAGS_set=
ac_cv_env_GTK_CFLAGS_value=
ac_cv_env_GTK_LIBS_set=
ac_cv_env_GTK_LIBS_value=
ac_cv_env_IDN_CFLAGS_set=
ac_cv_env_IDN_CFLAGS_value=
ac_cv_env_IDN_LIBS_set=
ac_cv_env_IDN_LIBS_value=
ac_cv_env_LDFLAGS_set=
ac_cv_env_LDFLAGS_value=
ac_cv_env_LIBGADU_CFLAGS_set=
ac_cv_env_LIBGADU_CFLAGS_value=
ac_cv_env_LIBGADU_LIBS_set=
ac_cv_env_LIBGADU_LIBS_value=
ac_cv_env_LIBS_set=
ac_cv_env_LIBS_value=
ac_cv_env_LIBXML_CFLAGS_set=
ac_cv_env_LIBXML_CFLAGS_value=
ac_cv_env_LIBXML_LIBS_set=
ac_cv_env_LIBXML_LIBS_value=
ac_cv_env_MEANWHILE_CFLAGS_set=
ac_cv_env_MEANWHILE_CFLAGS_value=
ac_cv_env_MEANWHILE_LIBS_set=
ac_cv_env_MEANWHILE_LIBS_value=
ac_cv_env_MONO_CFLAGS_set=
ac_cv_env_MONO_CFLAGS_value=
ac_cv_env_MONO_LIBS_set=
ac_cv_env_MONO_LIBS_value=
ac_cv_env_NETWORKMANAGER_CFLAGS_set=
ac_cv_env_NETWORKMANAGER_CFLAGS_value=
ac_cv_env_NETWORKMANAGER_LIBS_set=
ac_cv_env_NETWORKMANAGER_LIBS_value=
ac_cv_env_NSS_CFLAGS_set=
ac_cv_env_NSS_CFLAGS_value=
ac_cv_env_NSS_LIBS_set=
ac_cv_env_NSS_LIBS_value=
ac_cv_env_PANGO_CFLAGS_set=
ac_cv_env_PANGO_CFLAGS_value=
ac_cv_env_PANGO_LIBS_set=
ac_cv_env_PANGO_LIBS_value=
ac_cv_env_PKG_CONFIG_LIBDIR_set=
ac_cv_env_PKG_CONFIG_LIBDIR_value=
ac_cv_env_PKG_CONFIG_PATH_set=
ac_cv_env_PKG_CONFIG_PATH_value=
ac_cv_env_PKG_CONFIG_set=
ac_cv_env_PKG_CONFIG_value=
ac_cv_env_SILC_CFLAGS_set=
ac_cv_env_SILC_CFLAGS_value=
ac_cv_env_SILC_LIBS_set=
ac_cv_env_SILC_LIBS_value=
ac_cv_env_SQLITE3_CFLAGS_set=
ac_cv_env_SQLITE3_CFLAGS_value=
ac_cv_env_SQLITE3_LIBS_set=
ac_cv_env_SQLITE3_LIBS_value=
ac_cv_env_UNITY_CFLAGS_set=
ac_cv_env_UNITY_CFLAGS_value=
ac_cv_env_UNITY_LIBS_set=
ac_cv_env_UNITY_LIBS_value=
ac_cv_env_X11_CFLAGS_set=
ac_cv_env_X11_CFLAGS_value=
ac_cv_env_X11_LIBS_set=
ac_cv_env_X11_LIBS_value=
ac_cv_env_XMKMF_set=
ac_cv_env_XMKMF_value=
ac_cv_env_build_alias_set=
ac_cv_env_build_alias_value=
ac_cv_env_host_alias_set=
ac_cv_env_host_alias_value=
ac_cv_env_target_alias_set=
ac_cv_env_target_alias_value=
ac_cv_func_alloca_works=yes
ac_cv_func_atexit=yes
ac_cv_func_bind_textdomain_codeset=yes
ac_cv_func_connect=yes
ac_cv_func_dcgettext=yes
ac_cv_func_dlopen=no
ac_cv_func_getaddrinfo=yes
ac_cv_func_gethostbyname=yes
ac_cv_func_getifaddrs=yes
ac_cv_func_getopt_long=yes
ac_cv_func_inet_aton=yes
ac_cv_func_inet_ntop=yes
ac_cv_func_remove=yes
ac_cv_func_setlocale=yes
ac_cv_func_shmat=yes
ac_cv_func_socket=yes
ac_cv_func_strdup=yes
ac_cv_func_strftime=yes
ac_cv_func_strstr=yes
ac_cv_have_decl_IPV6_V6ONLY=yes
ac_cv_have_decl___SUNPRO_C=no
ac_cv_have_x='have_x=yes	ac_x_includes='\'''\''	ac_x_libraries='\'''\'''
ac_cv_header_arpa_nameser_compat_h=yes
ac_cv_header_dlfcn_h=yes
ac_cv_header_fcntl_h=yes
ac_cv_header_inttypes_h=yes
ac_cv_header_libintl_h=yes
ac_cv_header_locale_h=yes
ac_cv_header_memory_h=yes
ac_cv_header_regex_h=yes
ac_cv_header_signal_h=yes
ac_cv_header_stdc=yes
ac_cv_header_stdint_h=yes
ac_cv_header_stdlib_h=yes
ac_cv_header_string_h=yes
ac_cv_header_strings_h=yes
ac_cv_header_sys_stat_h=yes
ac_cv_header_sys_time_h=yes
ac_cv_header_sys_types_h=yes
ac_cv_header_sys_wait_h=yes
ac_cv_header_unistd_h=yes
ac_cv_host=x86_64-unknown-linux-gnu
ac_cv_lib_ICE_IceConnectionNumber=yes
ac_cv_lib_Xext_XScreenSaverRegister=no
ac_cv_lib_Xss_XScreenSaverRegister=no
ac_cv_lib_dl_dlopen=yes
ac_cv_lib_nsl_gethostent=yes
ac_cv_lib_resolv___res_query=yes
ac_cv_member_struct_sockaddr_sa_len=no
ac_cv_objext=o
ac_cv_path_EGREP='/bin/grep -E'
ac_cv_path_FGREP='/bin/grep -F'
ac_cv_path_GMSGFMT=/usr/bin/msgfmt
ac_cv_path_GREP=/bin/grep
ac_cv_path_INTLTOOL_EXTRACT=/usr/bin/intltool-extract
ac_cv_path_INTLTOOL_MERGE=/usr/bin/intltool-merge
ac_cv_path_INTLTOOL_PERL=/usr/bin/perl
ac_cv_path_INTLTOOL_UPDATE=/usr/bin/intltool-update
ac_cv_path_MSGFMT=/usr/bin/msgfmt
ac_cv_path_MSGMERGE=/usr/bin/msgmerge
ac_cv_path_SED=/bin/sed
ac_cv_path_XGETTEXT=/usr/bin/xgettext
ac_cv_path_ac_pt_PKG_CONFIG=/usr/bin/pkg-config
ac_cv_path_install='/usr/bin/install -c'
ac_cv_path_mkdir=/bin/mkdir
ac_cv_path_sedpath=/bin/sed
ac_cv_prog_AWK=mawk
ac_cv_prog_CPP='gcc -E'
ac_cv_prog_ac_ct_AR=ar
ac_cv_prog_ac_ct_CC=gcc
ac_cv_prog_ac_ct_MANIFEST_TOOL=mt
ac_cv_prog_ac_ct_OBJDUMP=objdump
ac_cv_prog_ac_ct_RANLIB=ranlib
ac_cv_prog_ac_ct_STRIP=strip
ac_cv_prog_cc_c89=
ac_cv_prog_cc_g=yes
ac_cv_prog_make_make_set=yes
ac_cv_search_ceil=-lm
ac_cv_sizeof_time_t=8
ac_cv_struct_tm=time.h
ac_cv_sys_file_offset_bits=no
ac_cv_sys_largefile_CC=no
ac_cv_type_signal=void
ac_cv_type_size_t=yes
ac_cv_working_alloca_h=yes
am_cv_CC_dependencies_compiler_type=gcc3
am_cv_make_support_nested_variables=yes
am_cv_prog_cc_c_o=yes
am_cv_val_LC_MESSAGES=yes
gt_cv_func_dgettext_libc=yes
gt_cv_func_dgettext_libintl=no
gt_cv_func_ngettext_libc=yes
gt_cv_have_gettext=yes
lt_cv_ar_at_file=@
lt_cv_archive_cmds_need_lc=no
lt_cv_deplibs_check_method=pass_all
lt_cv_file_magic_cmd='$MAGIC_CMD'
lt_cv_file_magic_test_file=
lt_cv_ld_reload_flag=-r
lt_cv_nm_interface='BSD nm'
lt_cv_objdir=.libs
lt_cv_path_LD=/usr/bin/ld
lt_cv_path_NM='/usr/bin/nm -B'
lt_cv_path_mainfest_tool=no
lt_cv_prog_compiler_c_o=yes
lt_cv_prog_compiler_pic='-fPIC -DPIC'
lt_cv_prog_compiler_pic_works=yes
lt_cv_prog_compiler_rtti_exceptions=no
lt_cv_prog_compiler_static_works=yes
lt_cv_prog_gnu_ld=yes
lt_cv_sharedlib_from_linklib_cmd='printf %s\n'
lt_cv_shlibpath_overrides_runpath=no
lt_cv_sys_global_symbol_pipe='sed -n -e '\''s/^.*[	 ]\([ABCDGIRSTW][ABCDGIRSTW]*\)[	 ][	 ]*\([_A-Za-z][_A-Za-z0-9]*\)$/\1 \2 \2/p'\'' | sed '\''/ __gnu_lto/d'\'''
lt_cv_sys_global_symbol_to_c_name_address='sed -n -e '\''s/^: \([^ ]*\)[ ]*$/  {\"\1\", (void *) 0},/p'\'' -e '\''s/^[ABCDGIRSTW]* \([^ ]*\) \([^ ]*\)$/  {"\2", (void *) \&\2},/p'\'''
lt_cv_sys_global_symbol_to_c_name_address_lib_prefix='sed -n -e '\''s/^: \([^ ]*\)[ ]*$/  {\"\1\", (void *) 0},/p'\'' -e '\''s/^[ABCDGIRSTW]* \([^ ]*\) \(lib[^ ]*\)$/  {"\2", (void *) \&\2},/p'\'' -e '\''s/^[ABCDGIRSTW]* \([^ ]*\) \([^ ]*\)$/  {"lib\2", (void *) \&\2},/p'\'''
lt_cv_sys_global_symbol_to_cdecl='sed -n -e '\''s/^T .* \(.*\)$/extern int \1();/p'\'' -e '\''s/^[ABCDGIRSTW]* .* \(.*\)$/extern char \1;/p'\'''
lt_cv_sys_max_cmd_len=1572864
lt_cv_to_host_file_cmd=func_convert_file_noop
lt_cv_to_tool_file_cmd=func_convert_file_noop
pkg_cv_GLIB_CFLAGS='-pthread -I/usr/include/glib-2.0 -I/usr/lib/x86_64-linux-gnu/glib-2.0/include  '
pkg_cv_GLIB_LIBS='-Wl,--export-dynamic -pthread -lgobject-2.0 -lgmodule-2.0 -lgthread-2.0 -lglib-2.0  '
pkg_cv_GTK_CFLAGS='-pthread -I/usr/include/gtk-2.0 -I/usr/lib/x86_64-linux-gnu/gtk-2.0/include -I/usr/include/atk-1.0 -I/usr/include/cairo -I/usr/include/gdk-pixbuf-2.0 -I/usr/include/pango-1.0 -I/usr/include/gio-unix-2.0/ -I/usr/include/freetype2 -I/usr/include/glib-2.0 -I/usr/lib/x86_64-linux-gnu/glib-2.0/include -I/usr/include/pixman-1 -I/usr/include/libpng12 -I/usr/include/harfbuzz  '
pkg_cv_GTK_LIBS='-lgtk-x11-2.0 -lgdk-x11-2.0 -latk-1.0 -lgio-2.0 -lpangoft2-1.0 -lpangocairo-1.0 -lgdk_pixbuf-2.0 -lcairo -lpango-1.0 -lfontconfig -lgobject-2.0 -lglib-2.0 -lfreetype  '
pkg_cv_PANGO_CFLAGS='-pthread -I/usr/include/pango-1.0 -I/usr/include/glib-2.0 -I/usr/lib/x86_64-linux-gnu/glib-2.0/include  '
pkg_cv_PANGO_LIBS='-lpango-1.0 -lgobject-2.0 -lglib-2.0  '
pkg_cv_X11_CFLAGS=' '
pkg_cv_X11_LIBS='-lX11  '

## ----------------- ##
## Output variables. ##
## ----------------- ##

ACLOCAL='${SHELL} /home/parallels/Downloads/pidgin-2.11.0/missing aclocal-1.14'
ALLOCA=''
ALL_LINGUAS='af am ar as ast az be@latin bg bn_IN bn br brx bs ca ca@valencia cs da de dz el en_AU en_CA en_GB eo es_AR es et eu fa fi fr ga gl gu he hi hr hu id it ja ka kk km kn ko ks ku_IQ ku lt lv mai mhr mk ml mn mr ms_MY my_MM nb ne nl nn oc or pa pl ps pt_BR pt ro ru sd si sk sl sq sr@latin sr sv sw ta te th tr tt uk ur uz vi xh zh_CN zh_HK zh_TW'
AMDEPBACKSLASH='\'
AMDEP_FALSE='#'
AMDEP_TRUE=''
AMTAR='$${TAR-tar}'
AM_BACKSLASH='\'
AM_DEFAULT_V='$(AM_DEFAULT_VERBOSITY)'
AM_DEFAULT_VERBOSITY='0'
AM_V='$(V)'
AR='ar'
AUTOCONF='${SHELL} /home/parallels/Downloads/pidgin-2.11.0/missing autoconf'
AUTOHEADER='${SHELL} /home/parallels/Downloads/pidgin-2.11.0/missing autoheader'
AUTOMAKE='${SHELL} /home/parallels/Downloads/pidgin-2.11.0/missing automake-1.14'
AVAHI_CFLAGS=''
AVAHI_LIBS=''
AWK='mawk'
BUILD_GEVOLUTION_FALSE=''
BUILD_GEVOLUTION_TRUE=''
CATALOGS=' af.gmo am.gmo ar.gmo as.gmo ast.gmo az.gmo be@latin.gmo bg.gmo bn_IN.gmo bn.gmo br.gmo brx.gmo bs.gmo ca.gmo ca@valencia.gmo cs.gmo da.gmo de.gmo dz.gmo el.gmo en_AU.gmo en_CA.gmo en_GB.gmo eo.gmo es_AR.gmo es.gmo et.gmo eu.gmo fa.gmo fi.gmo fr.gmo ga.gmo gl.gmo gu.gmo he.gmo hi.gmo hr.gmo hu.gmo id.gmo it.gmo ja.gmo ka.gmo kk.gmo km.gmo kn.gmo ko.gmo ks.gmo ku_IQ.gmo ku.gmo lt.gmo lv.gmo mai.gmo mhr.gmo mk.gmo ml.gmo mn.gmo mr.gmo ms_MY.gmo my_MM.gmo nb.gmo ne.gmo nl.gmo nn.gmo oc.gmo or.gmo pa.gmo pl.gmo ps.gmo pt_BR.gmo pt.gmo ro.gmo ru.gmo sd.gmo si.gmo sk.gmo sl.gmo sq.gmo sr@latin.gmo sr.gmo sv.gmo sw.gmo ta.gmo te.gmo th.gmo tr.gmo tt.gmo uk.gmo ur.gmo uz.gmo vi.gmo xh.gmo zh_CN.gmo zh_HK.gmo zh_TW.gmo'
CATOBJEXT='.gmo'
CC='gcc'
CCDEPMODE='depmode=gcc3'
CFLAGS='-g -O2'
CHECK_CFLAGS=''
CHECK_LIBS=''
CPP='gcc -E'
CPPFLAGS=''
CYGPATH_W='echo'
DATADIRNAME='share'
DBUS_CFLAGS=''
DBUS_LIBS=''
DBUS_SERVICES_DIR=''
DEBUG_CFLAGS=''
DEFS=''
DEPDIR='.deps'
DISTRIB_FALSE=''
DISTRIB_TRUE=''
DLLTOOL='false'
DOT=''
DOXYGEN=''
DSYMUTIL=''
DUMPBIN=''
DYNALOADER_A=''
DYNAMIC_PRPLS=''
ECHO_C=''
ECHO_N='-n'
ECHO_T=''
EGREP='/bin/grep -E'
ENABLE_CAP_FALSE=''
ENABLE_CAP_TRUE=''
ENABLE_DBUS_FALSE=''
ENABLE_DBUS_TRUE=''
ENABLE_GESTURES_FALSE=''
ENABLE_GESTURES_TRUE=''
ENABLE_GNT_FALSE=''
ENABLE_GNT_TRUE=''
ENABLE_GTK_FALSE=''
ENABLE_GTK_TRUE=''
ENABLE_TRAYCOMPAT_FALSE=''
ENABLE_TRAYCOMPAT_TRUE=''
ENABLE_UNITY_FALSE=''
ENABLE_UNITY_TRUE=''
EVOLUTION_ADDRESSBOOK_CFLAGS=''
EVOLUTION_ADDRESSBOOK_LIBS=''
EXEEXT=''
EXTERNAL_LIBZEPHYR_FALSE=''
EXTERNAL_LIBZEPHYR_TRUE=''
FARSTREAM_CFLAGS=''
FARSTREAM_LIBS=''
FGREP='/bin/grep -F'
GCONFTOOL=''
GCONF_SCHEMAS_INSTALL_FALSE=''
GCONF_SCHEMAS_INSTALL_TRUE=''
GCONF_SCHEMA_CONFIG_SOURCE=''
GCONF_SCHEMA_FILE_DIR=''
GETTEXT_PACKAGE='pidgin'
GLIB_CFLAGS='-pthread -I/usr/include/glib-2.0 -I/usr/lib/x86_64-linux-gnu/glib-2.0/include  '
GLIB_GENMARSHAL='glib-genmarshal'
GLIB_LIBS='-Wl,--export-dynamic -pthread -lgobject-2.0 -lgmodule-2.0 -lgthread-2.0 -lglib-2.0  '
GMOFILES=' af.gmo am.gmo ar.gmo as.gmo ast.gmo az.gmo be@latin.gmo bg.gmo bn_IN.gmo bn.gmo br.gmo brx.gmo bs.gmo ca.gmo ca@valencia.gmo cs.gmo da.gmo de.gmo dz.gmo el.gmo en_AU.gmo en_CA.gmo en_GB.gmo eo.gmo es_AR.gmo es.gmo et.gmo eu.gmo fa.gmo fi.gmo fr.gmo ga.gmo gl.gmo gu.gmo he.gmo hi.gmo hr.gmo hu.gmo id.gmo it.gmo ja.gmo ka.gmo kk.gmo km.gmo kn.gmo ko.gmo ks.gmo ku_IQ.gmo ku.gmo lt.gmo lv.gmo mai.gmo mhr.gmo mk.gmo ml.gmo mn.gmo mr.gmo ms_MY.gmo my_MM.gmo nb.gmo ne.gmo nl.gmo nn.gmo oc.gmo or.gmo pa.gmo pl.gmo ps.gmo pt_BR.gmo pt.gmo ro.gmo ru.gmo sd.gmo si.gmo sk.gmo sl.gmo sq.gmo sr@latin.gmo sr.gmo sv.gmo sw.gmo ta.gmo te.gmo th.gmo tr.gmo tt.gmo uk.gmo ur.gmo uz.gmo vi.gmo xh.gmo zh_CN.gmo zh_HK.gmo zh_TW.gmo'
GMSGFMT='/usr/bin/msgfmt'
GNT_CFLAGS=''
GNT_LIBS=''
GNT_LT_VERSION_INFO='8:10:8'
GNT_MAJOR_VERSION='2'
GNT_MICRO_VERSION='10'
GNT_MINOR_VERSION='8'
GNT_VERSION='gnt_display_version'
GNUTLS_2_10_CFLAGS=''
GNUTLS_2_10_LIBS=''
GNUTLS_CFLAGS=''
GNUTLS_LIBS=''
GREP='/bin/grep'
GSTAPP_CFLAGS=''
GSTAPP_LIBS=''
GSTINTERFACES_CFLAGS=''
GSTINTERFACES_LIBS=''
GSTREAMER_CFLAGS=''
GSTREAMER_LIBS=''
GSTREAMER_VER=''
GSTVIDEO_CFLAGS=''
GSTVIDEO_LIBS=''
GTKSPELL_CFLAGS=''
GTKSPELL_LIBS=''
GTK_CFLAGS='-pthread -I/usr/include/gtk-2.0 -I/usr/lib/x86_64-linux-gnu/gtk-2.0/include -I/usr/include/atk-1.0 -I/usr/include/cairo -I/usr/include/gdk-pixbuf-2.0 -I/usr/include/pango-1.0 -I/usr/include/gio-unix-2.0/ -I/usr/include/freetype2 -I/usr/include/glib-2.0 -I/usr/lib/x86_64-linux-gnu/glib-2.0/include -I/usr/include/pixman-1 -I/usr/include/libpng12 -I/usr/include/harfbuzz  '
GTK_LIBS='-lgtk-x11-2.0 -lgdk-x11-2.0 -latk-1.0 -lgio-2.0 -lpangoft2-1.0 -lpangocairo-1.0 -lgdk_pixbuf-2.0 -lcairo -lpango-1.0 -lfontconfig -lgobject-2.0 -lglib-2.0 -lfreetype  '
HAVE_CHECK_FALSE=''
HAVE_CHECK_TRUE=''
HAVE_DOXYGEN_FALSE=''
HAVE_DOXYGEN_TRUE=''
HAVE_LIBGADU_FALSE=''
HAVE_LIBGADU_TRUE=''
HAVE_XSLTPROC_FALSE=''
HAVE_XSLTPROC_TRUE=''
IDN_CFLAGS=''
IDN_LIBS=''
INSTALL_DATA='${INSTALL} -m 644'
INSTALL_I18N_FALSE='#'
INSTALL_I18N_TRUE=''
INSTALL_PIXMAPS_FALSE=''
INSTALL_PIXMAPS_TRUE=''
INSTALL_PROGRAM='${INSTALL}'
INSTALL_SCRIPT='${INSTALL}'
INSTALL_SSL_CERTIFICATES_FALSE=''
INSTALL_SSL_CERTIFICATES_TRUE=''
INSTALL_STRIP_PROGRAM='$(install_sh) -c -s'
INSTOBJEXT='.mo'
INTLLIBS=''
INTLTOOL_CAVES_RULE='%.caves:     %.caves.in     $(INTLTOOL_MERGE) $(wildcard $(top_srcdir)/po/*.po) ; $(INTLTOOL_V_MERGE)LC_ALL=C $(INTLTOOL_MERGE) $(INTLTOOL_V_MERGE_OPTIONS) -d -u -c $(top_builddir)/po/.intltool-merge-cache $(top_srcdir)/po $< $@'
INTLTOOL_DESKTOP_RULE='%.desktop:   %.desktop.in   $(INTLTOOL_MERGE) $(wildcard $(top_srcdir)/po/*.po) ; $(INTLTOOL_V_MERGE)LC_ALL=C $(INTLTOOL_MERGE) $(INTLTOOL_V_MERGE_OPTIONS) -d -u -c $(top_builddir)/po/.intltool-merge-cache $(top_srcdir)/po $< $@'
INTLTOOL_DIRECTORY_RULE='%.directory: %.directory.in $(INTLTOOL_MERGE) $(wildcard $(top_srcdir)/po/*.po) ; $(INTLTOOL_V_MERGE)LC_ALL=C $(INTLTOOL_MERGE) $(INTLTOOL_V_MERGE_OPTIONS) -d -u -c $(top_builddir)/po/.intltool-merge-cache $(top_srcdir)/po $< $@'
INTLTOOL_EXTRACT='/usr/bin/intltool-extract'
INTLTOOL_KBD_RULE='%.kbd:       %.kbd.in       $(INTLTOOL_MERGE) $(wildcard $(top_srcdir)/po/*.po) ; $(INTLTOOL_V_MERGE)LC_ALL=C $(INTLTOOL_MERGE) $(INTLTOOL_V_MERGE_OPTIONS) -x -u -m -c $(top_builddir)/po/.intltool-merge-cache $(top_srcdir)/po $< $@'
INTLTOOL_KEYS_RULE='%.keys:      %.keys.in      $(INTLTOOL_MERGE) $(wildcard $(top_srcdir)/po/*.po) ; $(INTLTOOL_V_MERGE)LC_ALL=C $(INTLTOOL_MERGE) $(INTLTOOL_V_MERGE_OPTIONS) -k -u -c $(top_builddir)/po/.intltool-merge-cache $(top_srcdir)/po $< $@'
INTLTOOL_MERGE='/usr/bin/intltool-merge'
INTLTOOL_OAF_RULE='%.oaf:       %.oaf.in       $(INTLTOOL_MERGE) $(wildcard $(top_srcdir)/po/*.po) ; $(INTLTOOL_V_MERGE)LC_ALL=C $(INTLTOOL_MERGE) $(INTLTOOL_V_MERGE_OPTIONS) -o -p $(top_srcdir)/po $< $@'
INTLTOOL_PERL='/usr/bin/perl'
INTLTOOL_POLICY_RULE='%.policy:    %.policy.in    $(INTLTOOL_MERGE) $(wildcard $(top_srcdir)/po/*.po) ; $(INTLTOOL_V_MERGE)LC_ALL=C $(INTLTOOL_MERGE) $(INTLTOOL_V_MERGE_OPTIONS) -x -u -c $(top_builddir)/po/.intltool-merge-cache $(top_srcdir)/po $< $@'
INTLTOOL_PONG_RULE='%.pong:      %.pong.in      $(INTLTOOL_MERGE) $(wildcard $(top_srcdir)/po/*.po) ; $(INTLTOOL_V_MERGE)LC_ALL=C $(INTLTOOL_MERGE) $(INTLTOOL_V_MERGE_OPTIONS) -x -u -c $(top_builddir)/po/.intltool-merge-cache $(top_srcdir)/po $< $@'
INTLTOOL_PROP_RULE='%.prop:      %.prop.in      $(INTLTOOL_MERGE) $(wildcard $(top_srcdir)/po/*.po) ; $(INTLTOOL_V_MERGE)LC_ALL=C $(INTLTOOL_MERGE) $(INTLTOOL_V_MERGE_OPTIONS) -d -u -c $(top_builddir)/po/.intltool-merge-cache $(top_srcdir)/po $< $@'
INTLTOOL_SCHEMAS_RULE='%.schemas:   %.schemas.in   $(INTLTOOL_MERGE) $(wildcard $(top_srcdir)/po/*.po) ; $(INTLTOOL_V_MERGE)LC_ALL=C $(INTLTOOL_MERGE) $(INTLTOOL_V_MERGE_OPTIONS) -s -u -c $(top_builddir)/po/.intltool-merge-cache $(top_srcdir)/po $< $@'
INTLTOOL_SERVER_RULE='%.server:    %.server.in    $(INTLTOOL_MERGE) $(wildcard $(top_srcdir)/po/*.po) ; $(INTLTOOL_V_MERGE)LC_ALL=C $(INTLTOOL_MERGE) $(INTLTOOL_V_MERGE_OPTIONS) -o -u -c $(top_builddir)/po/.intltool-merge-cache $(top_srcdir)/po $< $@'
INTLTOOL_SERVICE_RULE='%.service: %.service.in   $(INTLTOOL_MERGE) $(wildcard $(top_srcdir)/po/*.po) ; $(INTLTOOL_V_MERGE)LC_ALL=C $(INTLTOOL_MERGE) $(INTLTOOL_V_MERGE_OPTIONS) -d -u -c $(top_builddir)/po/.intltool-merge-cache $(top_srcdir)/po $< $@'
INTLTOOL_SHEET_RULE='%.sheet:     %.sheet.in     $(INTLTOOL_MERGE) $(wildcard $(top_srcdir)/po/*.po) ; $(INTLTOOL_V_MERGE)LC_ALL=C $(INTLTOOL_MERGE) $(INTLTOOL_V_MERGE_OPTIONS) -x -u -c $(top_builddir)/po/.intltool-merge-cache $(top_srcdir)/po $< $@'
INTLTOOL_SOUNDLIST_RULE='%.soundlist: %.soundlist.in $(INTLTOOL_MERGE) $(wildcard $(top_srcdir)/po/*.po) ; $(INTLTOOL_V_MERGE)LC_ALL=C $(INTLTOOL_MERGE) $(INTLTOOL_V_MERGE_OPTIONS) -d -u -c $(top_builddir)/po/.intltool-merge-cache $(top_srcdir)/po $< $@'
INTLTOOL_THEME_RULE='%.theme:     %.theme.in     $(INTLTOOL_MERGE) $(wildcard $(top_srcdir)/po/*.po) ; $(INTLTOOL_V_MERGE)LC_ALL=C $(INTLTOOL_MERGE) $(INTLTOOL_V_MERGE_OPTIONS) -d -u -c $(top_builddir)/po/.intltool-merge-cache $(top_srcdir)/po $< $@'
INTLTOOL_UI_RULE='%.ui:        %.ui.in        $(INTLTOOL_MERGE) $(wildcard $(top_srcdir)/po/*.po) ; $(INTLTOOL_V_MERGE)LC_ALL=C $(INTLTOOL_MERGE) $(INTLTOOL_V_MERGE_OPTIONS) -x -u -c $(top_builddir)/po/.intltool-merge-cache $(top_srcdir)/po $< $@'
INTLTOOL_UPDATE='/usr/bin/intltool-update'
INTLTOOL_V_MERGE='$(INTLTOOL__v_MERGE_$(V))'
INTLTOOL_V_MERGE_OPTIONS='$(intltool__v_merge_options_$(V))'
INTLTOOL_XAM_RULE='%.xam:       %.xml.in       $(INTLTOOL_MERGE) $(wildcard $(top_srcdir)/po/*.po) ; $(INTLTOOL_V_MERGE)LC_ALL=C $(INTLTOOL_MERGE) $(INTLTOOL_V_MERGE_OPTIONS) -x -u -c $(top_builddir)/po/.intltool-merge-cache $(top_srcdir)/po $< $@'
INTLTOOL_XML_NOMERGE_RULE='%.xml:       %.xml.in       $(INTLTOOL_MERGE) ; $(INTLTOOL_V_MERGE)LC_ALL=C $(INTLTOOL_MERGE) $(INTLTOOL_V_MERGE_OPTIONS) -x -u --no-translations $< $@'
INTLTOOL_XML_RULE='%.xml:       %.xml.in       $(INTLTOOL_MERGE) $(wildcard $(top_srcdir)/po/*.po) ; $(INTLTOOL_V_MERGE)LC_ALL=C $(INTLTOOL_MERGE) $(INTLTOOL_V_MERGE_OPTIONS) -x -u -c $(top_builddir)/po/.intltool-merge-cache $(top_srcdir)/po $< $@'
INTLTOOL__v_MERGE_0='@echo "  ITMRG " $@;'
INTLTOOL__v_MERGE_='$(INTLTOOL__v_MERGE_$(AM_DEFAULT_VERBOSITY))'
KRB4_CFLAGS=''
KRB4_LDFLAGS=''
KRB4_LIBS=''
LD='/usr/bin/ld -m elf_x86_64'
LDADD=''
LDFLAGS=''
LIBGADU_CFLAGS=''
LIBGADU_LIBS=''
LIBOBJS=''
LIBPERL_A=''
LIBS='-lm -lnsl -lresolv '
LIBTOOL='$(SHELL) $(top_builddir)/libtool --silent'
LIBXML_CFLAGS=''
LIBXML_LIBS=''
LIPO=''
LN_S='ln -s'
LTLIBOBJS=''
MAKEINFO='${SHELL} /home/parallels/Downloads/pidgin-2.11.0/missing makeinfo'
MANIFEST_TOOL=':'
MEANWHILE_CFLAGS=''
MEANWHILE_LIBS=''
MKDIR_P='/bin/mkdir -p'
MKINSTALLDIRS='./mkinstalldirs'
MONO_CFLAGS=''
MONO_LIBS=''
MSGFMT='/usr/bin/msgfmt'
MSGFMT_OPTS='-c'
MSGMERGE='/usr/bin/msgmerge'
NETWORKMANAGER_CFLAGS=''
NETWORKMANAGER_LIBS=''
NM='/usr/bin/nm -B'
NMEDIT=''
NSS_CFLAGS=''
NSS_LIBS=''
OBJDUMP='objdump'
OBJEXT='o'
OTOOL64=''
OTOOL=''
PACKAGE='pidgin'
PACKAGE_BUGREPORT='devel@pidgin.im'
PACKAGE_NAME='pidgin'
PACKAGE_STRING='pidgin 2.11.0'
PACKAGE_TARNAME='pidgin'
PACKAGE_URL=''
PACKAGE_VERSION='2.11.0'
PANGO_CFLAGS='-pthread -I/usr/include/pango-1.0 -I/usr/include/glib-2.0 -I/usr/lib/x86_64-linux-gnu/glib-2.0/include  '
PANGO_LIBS='-lpango-1.0 -lgobject-2.0 -lglib-2.0  '
PATH_SEPARATOR=':'
PERL=''
PERL_CFLAGS=''
PERL_LIBS=''
PKG_CONFIG='/usr/bin/pkg-config'
PKG_CONFIG_LIBDIR=''
PKG_CONFIG_PATH=''
PLUGINS_DEFINE=''
PLUGINS_FALSE=''
PLUGINS_TRUE=''
POFILES=' af.po am.po ar.po as.po ast.po az.po be@latin.po bg.po bn_IN.po bn.po br.po brx.po bs.po ca.po ca@valencia.po cs.po da.po de.po dz.po el.po en_AU.po en_CA.po en_GB.po eo.po es_AR.po es.po et.po eu.po fa.po fi.po fr.po ga.po gl.po gu.po he.po hi.po hr.po hu.po id.po it.po ja.po ka.po kk.po km.po kn.po ko.po ks.po ku_IQ.po ku.po lt.po lv.po mai.po mhr.po mk.po ml.po mn.po mr.po ms_MY.po my_MM.po nb.po ne.po nl.po nn.po oc.po or.po pa.po pl.po ps.po pt_BR.po pt.po ro.po ru.po sd.po si.po sk.po sl.po sq.po sr@latin.po sr.po sv.po sw.po ta.po te.po th.po tr.po tt.po uk.po ur.po uz.po vi.po xh.po zh_CN.po zh_HK.po zh_TW.po'
POSUB='po'
PO_IN_DATADIR_FALSE=''
PO_IN_DATADIR_TRUE=''
PURPLE_AVAILABLE_FALSE=''
PURPLE_AVAILABLE_TRUE=''
PURPLE_LT_VERSION_INFO='11:0:11'
PURPLE_MAJOR_VERSION='2'
PURPLE_MICRO_VERSION='0'
PURPLE_MINOR_VERSION='11'
PURPLE_VERSION='purple_display_version'
PYTHON=''
PY_CFLAGS=''
PY_LIBS=''
RANLIB='ranlib'
SASL_LIBS=''
SED='/bin/sed'
SET_MAKE=''
SHELL='/bin/bash'
SILC_CFLAGS=''
SILC_LIBS=''
SM_LIBS=''
SQLITE3_CFLAGS=''
SQLITE3_LIBS=''
SSL_CERTIFICATES_DIR=''
STATIC_BONJOUR_FALSE=''
STATIC_BONJOUR_TRUE=''
STATIC_GG_FALSE=''
STATIC_GG_TRUE=''
STATIC_IRC_FALSE=''
STATIC_IRC_TRUE=''
STATIC_JABBER_FALSE=''
STATIC_JABBER_TRUE=''
STATIC_LINK_LIBS=''
STATIC_MSN_FALSE=''
STATIC_MSN_TRUE=''
STATIC_MXIT_FALSE=''
STATIC_MXIT_TRUE=''
STATIC_MYSPACE_FALSE=''
STATIC_MYSPACE_TRUE=''
STATIC_NOVELL_FALSE=''
STATIC_NOVELL_TRUE=''
STATIC_OSCAR_FALSE=''
STATIC_OSCAR_TRUE=''
STATIC_PRPLS=''
STATIC_SAMETIME_FALSE=''
STATIC_SAMETIME_TRUE=''
STATIC_SILC_FALSE=''
STATIC_SILC_TRUE=''
STATIC_SIMPLE_FALSE=''
STATIC_SIMPLE_TRUE=''
STATIC_YAHOO_FALSE=''
STATIC_YAHOO_TRUE=''
STATIC_ZEPHYR_FALSE=''
STATIC_ZEPHYR_TRUE=''
STRIP='strip'
TCL_CFLAGS=''
TCL_LIBS=''
TK_LIBS=''
UNITY_CFLAGS=''
UNITY_LIBS=''
USES_MM_CHAT_SECTION=''
USE_CYRUS_SASL_FALSE=''
USE_CYRUS_SASL_TRUE=''
USE_GCONFTOOL_FALSE=''
USE_GCONFTOOL_TRUE=''
USE_GNUTLS_FALSE=''
USE_GNUTLS_TRUE=''
USE_MONO_FALSE=''
USE_MONO_TRUE=''
USE_NLS='yes'
USE_NSS_FALSE=''
USE_NSS_TRUE=''
USE_PERL_FALSE=''
USE_PERL_TRUE=''
USE_TCL_FALSE=''
USE_TCL_TRUE=''
USE_TK_FALSE=''
USE_TK_TRUE=''
USE_VV_FALSE=''
USE_VV_TRUE=''
VERSION='2.11.0'
X11_CFLAGS=' '
X11_LIBS='-lX11  '
XGETTEXT='/usr/bin/xgettext'
XMKMF=''
XSLTPROC=''
XSS_LIBS=''
X_CFLAGS=''
X_EXTRA_LIBS=''
X_LIBS=''
X_PRE_LIBS=' -lSM -lICE'
ZEPHYR_CFLAGS=''
ZEPHYR_LDFLAGS=''
ZEPHYR_LIBS=''
ac_ct_AR='ar'
ac_ct_CC='gcc'
ac_ct_DUMPBIN=''
am__EXEEXT_FALSE=''
am__EXEEXT_TRUE=''
am__fastdepCC_FALSE='#'
am__fastdepCC_TRUE=''
am__include='include'
am__isrc=''
am__leading_dot='.'
am__nodep='_no'
am__quote=''
am__tar='$${TAR-tar} chof - "$$tardir"'
am__untar='$${TAR-tar} xf -'
bindir='${exec_prefix}/bin'
build='x86_64-unknown-linux-gnu'
build_alias=''
build_cpu='x86_64'
build_os='linux-gnu'
build_vendor='unknown'
datadir='${datarootdir}'
datarootdir='${prefix}/share'
docdir='${datarootdir}/doc/${PACKAGE_TARNAME}'
dvidir='${docdir}'
enable_dbus=''
enable_devhelp=''
enable_dot=''
enable_doxygen=''
exec_prefix='NONE'
host='x86_64-unknown-linux-gnu'
host_alias=''
host_cpu='x86_64'
host_os='linux-gnu'
host_vendor='unknown'
htmldir='${docdir}'
includedir='${prefix}/include'
infodir='${datarootdir}/info'
install_sh='${SHELL} /home/parallels/Downloads/pidgin-2.11.0/install-sh'
intltool__v_merge_options_0='-q'
intltool__v_merge_options_='$(intltool__v_merge_options_$(AM_DEFAULT_VERBOSITY))'
libdir='${exec_prefix}/lib'
libexecdir='${exec_prefix}/libexec'
localedir='${datarootdir}/locale'
localstatedir='${prefix}/var'
mandir='${datarootdir}/man'
mkdir_p='$(MKDIR_P)'
oldincludedir='/usr/include'
pdfdir='${docdir}'
perlpath=''
pidginpath=''
prefix='NONE'
program_transform_name='s,x,x,'
psdir='${docdir}'
sbindir='${exec_prefix}/sbin'
sedpath='/bin/sed'
sharedstatedir='${prefix}/com'
sysconfdir='${prefix}/etc'
target_alias=''

## ----------- ##
## confdefs.h. ##
## ----------- ##

/* confdefs.h */
#define PACKAGE_NAME "pidgin"
#define PACKAGE_TARNAME "pidgin"
#define PACKAGE_VERSION "2.11.0"
#define PACKAGE_STRING "pidgin 2.11.0"
#define PACKAGE_BUGREPORT "devel@pidgin.im"
#define PACKAGE_URL ""
#define PACKAGE "pidgin"
#define VERSION "2.11.0"
#define CONFIG_ARGS ""
#define STDC_HEADERS 1
#define HAVE_SYS_TYPES_H 1
#define HAVE_SYS_STAT_H 1
#define HAVE_STDLIB_H 1
#define HAVE_STRING_H 1
#define HAVE_MEMORY_H 1
#define HAVE_STRINGS_H 1
#define HAVE_INTTYPES_H 1
#define HAVE_STDINT_H 1
#define HAVE_UNISTD_H 1
#define HAVE_DLFCN_H 1
#define LT_OBJDIR ".libs/"
#define HAVE_ALLOCA_H 1
#define HAVE_ALLOCA 1
#define STDC_HEADERS 1
#define HAVE_SYS_WAIT_H 1
#define HAVE_ARPA_NAMESER_COMPAT_H 1
#define HAVE_FCNTL_H 1
#define HAVE_SYS_TIME_H 1
#define HAVE_UNISTD_H 1
#define HAVE_LOCALE_H 1
#define HAVE_SIGNAL_H 1
#define HAVE_STDINT_H 1
#define HAVE_REGEX_H 1
#define SIZEOF_TIME_T 8
#define RETSIGTYPE void
#define HAVE_STRFTIME 1
#define HAVE_STRDUP 1
#define HAVE_STRSTR 1
#define HAVE_ATEXIT 1
#define HAVE_SETLOCALE 1
#define HAVE_GETOPT_LONG 1
#define HAVE_LIBRESOLV 1
#define HAVE_LIBNSL 1
#define HAVE_GETADDRINFO 1
#define HAVE_INET_NTOP 1
#define HAVE_GETIFADDRS 1
#define HAVE_IPV6_V6ONLY 1
#define HAVE_FILENO 1
#define HAVE_STRFTIME_Z_FORMAT 1
#define HAVE_LOCALE_H 1
#define HAVE_LC_MESSAGES 1
#define HAVE_BIND_TEXTDOMAIN_CODESET 1
#define HAVE_GETTEXT 1
#define HAVE_DCGETTEXT 1
#define ENABLE_NLS 1
#define DISPLAY_VERSION "2.11.0"
#define HAVE_PANGO14 1
#define HAVE_X11 1

configure: exit 1
